Started at 2014-07-31 18:03:04

Updated: Classic Doctor Who, previous: 19s, 356c. Current: 19s, 356c.
Updated: Extant, previous: 1s, 3c. Current: 1s, 4c.

Ignored: 10 Things I Hate About You, stored: 2s, 27c. Got 2s, 27c.
Ignored: 100 Questions , stored: 1s, 6c. Got 1s, 6c.
Ignored: 1000 places to see before you die, stored: 1s, 1c. Got 1s, 1c.
Ignored: 1066: The Battle for Middle Earth, stored: 1s, 2c. Got 1s, 2c.
Ignored: 1600 Penn, stored: 1s, 13c. Got 1s, 13c.
Ignored: 18 to life, stored: 2s, 17c. Got 2s, 17c.
Ignored: 19 2, stored: 1s, 1c. Got 1s, 1c.
Ignored: 2 Broke Girls, stored: 3s, 71c. Got 3s, 71c.
Ignored: 24, stored: 3s, 63c. Got 3s, 63c.
Ignored: 30 Rock, stored: 7s, 126c. Got 7s, 126c.
Ignored: 32 Brinkburn Street, stored: 1s, 5c. Got 1s, 5c.
Ignored: 37 Days, stored: 1s, 3c. Got 1s, 3c.
Ignored: 666 Park Avenue, stored: 1s, 13c. Got 1s, 13c.
Ignored: 6Degrees, stored: 1s, 1c. Got 1s, 1c.
Ignored: 8 Simple rules, stored: 1s, 7c. Got 1s, 7c.
Ignored: 90210, stored: 5s, 114c. Got 5s, 114c.
Ignored: A Bit of Fry and Laurie, stored: 2s, 13c. Got 2s, 13c.
Ignored: A Gifted Man, stored: 1s, 16c. Got 1s, 16c.
Ignored: A Mothers Son, stored: 1s, 2c. Got 1s, 2c.
Ignored: A Passionate Woman , stored: 1s, 2c. Got 1s, 2c.
Ignored: A Place To Call Home, stored: 2s, 22c. Got 2s, 22c.
Ignored: A Touch of Cloth, stored: 2s, 4c. Got 2s, 4c.
Ignored: A Traveler's Guide to the Planets, stored: 1s, 6c. Got 1s, 6c.
Ignored: A Young Doctor's Notebook, stored: 2s, 8c. Got 2s, 8c.
Ignored: About a boy, stored: 1s, 13c. Got 1s, 13c.
Ignored: Above Suspicion, stored: 2s, 5c. Got 2s, 5c.
Ignored: Absolutely Fabulous, stored: 6s, 24c. Got 6s, 24c.
Ignored: Accidentally on Purpose, stored: 1s, 18c. Got 1s, 18c.
Ignored: Accused, stored: 2s, 10c. Got 2s, 10c.
Ignored: Adventure Time, stored: 5s, 24c. Got 5s, 24c.
Ignored: Africa (2013), stored: 1s, 6c. Got 1s, 6c.
Ignored: Against The Wall, stored: 1s, 13c. Got 1s, 13c.
Ignored: Agata Christie's Marple, stored: 3s, 5c. Got 3s, 5c.
Ignored: Agatha Christie's Poirot, stored: 1s, 5c. Got 1s, 5c.
Ignored: Aidan 5, stored: 1s, 16c. Got 1s, 16c.
Ignored: Alcatraz, stored: 1s, 13c. Got 1s, 13c.
Ignored: Alfred Hitchcock presents, stored: 1s, 2c. Got 1s, 2c.
Ignored: Alice, stored: 1s, 6c. Got 1s, 6c.
Ignored: Alice (2009), stored: 1s, 2c. Got 1s, 2c.
Ignored: All the Small Things, stored: 1s, 1c. Got 1s, 1c.
Ignored: All Watched Over by Machines of Loving Grace, stored: 1s, 3c. Got 1s, 3c.
Ignored: Allen Gregory, stored: 1s, 7c. Got 1s, 7c.
Ignored: Almost Heroes, stored: 1s, 8c. Got 1s, 8c.
Ignored: Almost Human, stored: 1s, 13c. Got 1s, 13c.
Ignored: Almost Royal, stored: 1s, 1c. Got 1s, 1c.
Ignored: Alpha House, stored: 1s, 6c. Got 1s, 6c.
Ignored: Alphas, stored: 2s, 24c. Got 2s, 24c.
Ignored: Ambassadors, stored: 1s, 3c. Got 1s, 3c.
Ignored: Amber, stored: 1s, 4c. Got 1s, 4c.
Ignored: America In Primetime, stored: 1s, 2c. Got 1s, 2c.
Ignored: American Dad, stored: 7s, 115c. Got 7s, 115c.
Ignored: American Horror Story, stored: 3s, 38c. Got 3s, 38c.
Ignored: American Idol, stored: 5s, 13c. Got 5s, 13c.
Ignored: American Masters, stored: 1s, 1c. Got 1s, 1c.
Ignored: An Idiot Abroad, stored: 3s, 12c. Got 3s, 12c.
Ignored: Ancient Aliens (2010), stored: 6s, 76c. Got 6s, 76c.
Ignored: Andromeda, stored: 1s, 4c. Got 1s, 4c.
Ignored: Anger Management, stored: 2s, 72c. Got 2s, 72c.
Ignored: Angry Boys, stored: 1s, 3c. Got 1s, 3c.
Ignored: Angry Kid, stored: 1s, 8c. Got 1s, 8c.
Ignored: Animal Practice, stored: 1s, 6c. Got 1s, 6c.
Ignored: Anno 1790, stored: 1s, 3c. Got 1s, 3c.
Ignored: Any Human Heart, stored: 1s, 3c. Got 1s, 3c.
Ignored: Apparitions, stored: 1s, 6c. Got 1s, 6c.
Ignored: Appropriate Adult, stored: 1s, 2c. Got 1s, 2c.
Ignored: Archer, stored: 5s, 57c. Got 5s, 57c.
Ignored: Arctic Air, stored: 1s, 1c. Got 1s, 1c.
Ignored: Are we there yet, stored: 2s, 14c. Got 2s, 14c.
Ignored: Are you the one, stored: 1s, 1c. Got 1s, 1c.
Ignored: Are you there, Chelsea?, stored: 1s, 12c. Got 1s, 12c.
Ignored: Aristocrats, stored: 1s, 5c. Got 1s, 5c.
Ignored: Army Wives, stored: 7s, 117c. Got 7s, 117c.
Ignored: Arrested Development, stored: 4s, 68c. Got 4s, 68c.
Ignored: Arrow, stored: 2s, 47c. Got 2s, 47c.
Ignored: Artifact, stored: 1s, 1c. Got 1s, 1c.
Ignored: Ashes to Ashes, stored: 3s, 24c. Got 3s, 24c.
Ignored: Assassins Creed: Lineage, stored: 1s, 2c. Got 1s, 2c.
Ignored: Atlantis, stored: 1s, 1c. Got 1s, 1c.
Ignored: Atlantis (2013), stored: 1s, 13c. Got 1s, 13c.
Ignored: Avengers Assemble, stored: 1s, 16c. Got 1s, 16c.
Ignored: Avengers Earth's Mightiest Heroes, stored: 2s, 52c. Got 2s, 52c.
Ignored: Awake, stored: 1s, 13c. Got 1s, 13c.
Ignored: Awkward, stored: 4s, 52c. Got 4s, 52c.
Ignored: Axe Cop, stored: 1s, 12c. Got 1s, 12c.
Ignored: Baby Daddy, stored: 3s, 47c. Got 3s, 47c.
Ignored: Babylon, stored: 1s, 1c. Got 1s, 1c.
Ignored: Bachelor Pad, stored: 1s, 4c. Got 1s, 4c.
Ignored: Back in the Game, stored: 1s, 13c. Got 1s, 13c.
Ignored: Backpackers, stored: 1s, 2c. Got 1s, 2c.
Ignored: Bad Education, stored: 2s, 13c. Got 2s, 13c.
Ignored: Bad Girls, stored: 5s, 47c. Got 5s, 47c.
Ignored: Bad Sugar, stored: 1s, 1c. Got 1s, 1c.
Ignored: Bad Teacher, stored: 1s, 13c. Got 1s, 13c.
Ignored: Band of Brothers, stored: 1s, 10c. Got 1s, 10c.
Ignored: Banshee, stored: 2s, 20c. Got 2s, 20c.
Ignored: Banshee Origins, stored: 2s, 24c. Got 2s, 24c.
Ignored: Bar Karma, stored: 1s, 12c. Got 1s, 12c.
Ignored: Bates Motel, stored: 2s, 20c. Got 2s, 20c.
Ignored: Batman The Brave and the Bold, stored: 2s, 18c. Got 2s, 18c.
Ignored: Battlestar Galactica, stored: 8s, 69c. Got 8s, 69c.
Ignored: Battlestar Galactica Blood and Chrome, stored: 1s, 6c. Got 1s, 6c.
Ignored: BBC A History of Christianity, stored: 1s, 6c. Got 1s, 6c.
Ignored: BBC Amazon With Bruce Parry, stored: 1s, 6c. Got 1s, 6c.
Ignored: BBC Archaeology A secret history, stored: 1s, 3c. Got 1s, 3c.
Ignored: BBC Bibles Buried Secrets, stored: 1s, 1c. Got 1s, 1c.
Ignored: BBC Earthflight, stored: 1s, 6c. Got 1s, 6c.
Ignored: BBC Frozen Planet, stored: 1s, 7c. Got 1s, 7c.
Ignored: BBC Hidden Kingdoms, stored: 1s, 3c. Got 1s, 3c.
Ignored: BBC Himalaya with Michael Palin, stored: 1s, 6c. Got 1s, 6c.
Ignored: BBC How Earth Made Us, stored: 1s, 1c. Got 1s, 1c.
Ignored: BBC Ice Age Giants 2013, stored: 1s, 3c. Got 1s, 3c.
Ignored: BBC Lost Kingdoms of South America (2013), stored: 1s, 4c. Got 1s, 4c.
Ignored: BBC Madagascar, stored: 1s, 3c. Got 1s, 3c.
Ignored: BBC Medieval Lives, stored: 1s, 9c. Got 1s, 9c.
Ignored: BBC Natures Microworlds 2012, stored: 1s, 1c. Got 1s, 1c.
Ignored: BBC Our Secret Universe The Hidden Life of the Cell, stored: 1s, 1c. Got 1s, 1c.
Ignored: BBC Pandora's Box, stored: 1s, 1c. Got 1s, 1c.
Ignored: BBC Panorama, stored: 1s, 1c. Got 1s, 1c.
Ignored: BBC Penguins Spy in the Huddle (2013), stored: 1s, 2c. Got 1s, 2c.
Ignored: BBC Planet Dinosaur, stored: 1s, 5c. Got 1s, 5c.
Ignored: BBC Simon Schama's Power of Art, stored: 1s, 8c. Got 1s, 8c.
Ignored: BBC Tales from the jungle, stored: 1s, 1c. Got 1s, 1c.
Ignored: BBC The Cell, stored: 1s, 3c. Got 1s, 3c.
Ignored: BBC The Death Of Yugoslavia, stored: 1s, 6c. Got 1s, 6c.
Ignored: BBC The Real White Queen and Her Rivals, stored: 1s, 2c. Got 1s, 2c.
Ignored: BBC The Revolution Will Be Televised, stored: 1s, 1c. Got 1s, 1c.
Ignored: BBC To the Ends Of The Earth, stored: 1s, 1c. Got 1s, 1c.
Ignored: BBC Victorian Pharmacy, stored: 1s, 4c. Got 1s, 4c.
Ignored: BBC Wallace and Gromits World of Invention, stored: 1s, 6c. Got 1s, 6c.
Ignored: BBC Wild Arabia, stored: 1s, 3c. Got 1s, 3c.
Ignored: Beast Legends, stored: 1s, 1c. Got 1s, 1c.
Ignored: Beautiful people, stored: 2s, 12c. Got 2s, 12c.
Ignored: Beauty and the Beast, stored: 2s, 44c. Got 2s, 44c.
Ignored: Beaver Falls, stored: 2s, 11c. Got 2s, 11c.
Ignored: Beavis and Butthead, stored: 1s, 12c. Got 1s, 12c.
Ignored: Becker, stored: 1s, 1c. Got 1s, 1c.
Ignored: Becoming Human, stored: 1s, 1c. Got 1s, 1c.
Ignored: Bedlam, stored: 2s, 12c. Got 2s, 12c.
Ignored: Being Erica, stored: 4s, 49c. Got 4s, 49c.
Ignored: Being Human, stored: 5s, 36c. Got 5s, 36c.
Ignored: Being Human (US), stored: 4s, 52c. Got 4s, 52c.
Ignored: Being Mary Jane, stored: 1s, 2c. Got 1s, 2c.
Ignored: Believe, stored: 1s, 13c. Got 1s, 13c.
Ignored: Belles, stored: 1s, 2c. Got 1s, 2c.
Ignored: Belphegor, stored: 1s, 4c. Got 1s, 4c.
Ignored: Ben 10 Omniverse, stored: 2s, 6c. Got 2s, 6c.
Ignored: Ben 10 Ultimate Alien, stored: 2s, 49c. Got 2s, 49c.
Ignored: Ben and Kate, stored: 1s, 17c. Got 1s, 17c.
Ignored: Ben Hur (2010), stored: 1s, 2c. Got 1s, 2c.
Ignored: Bent, stored: 1s, 6c. Got 1s, 6c.
Ignored: Best Friends Forever, stored: 1s, 6c. Got 1s, 6c.
Ignored: Betrayal, stored: 1s, 13c. Got 1s, 13c.
Ignored: Better Off Ted, stored: 2s, 26c. Got 2s, 26c.
Ignored: Better With You, stored: 1s, 22c. Got 1s, 22c.
Ignored: Beverly Hills 90210, stored: 5s, 138c. Got 5s, 138c.
Ignored: Beware the Batman, stored: 1s, 12c. Got 1s, 12c.
Ignored: Bewitched, stored: 1s, 1c. Got 1s, 1c.
Ignored: Big Lake, stored: 1s, 6c. Got 1s, 6c.
Ignored: Big Love, stored: 5s, 53c. Got 5s, 53c.
Ignored: Big School, stored: 1s, 6c. Got 1s, 6c.
Ignored: Big Time Rush, stored: 1s, 4c. Got 1s, 4c.
Ignored: Big Train, stored: 1s, 4c. Got 1s, 4c.
Ignored: Birdsong, stored: 1s, 2c. Got 1s, 2c.
Ignored: Bitten, stored: 1s, 13c. Got 1s, 13c.
Ignored: Black Books, stored: 3s, 18c. Got 3s, 18c.
Ignored: Black Box, stored: 1s, 12c. Got 1s, 12c.
Ignored: Black Dynamite, stored: 1s, 1c. Got 1s, 1c.
Ignored: Black Dynamite: The Animated Series, stored: 1s, 1c. Got 1s, 1c.
Ignored: Black Mirror, stored: 2s, 6c. Got 2s, 6c.
Ignored: Black Sails, stored: 1s, 8c. Got 1s, 8c.
Ignored: Blackadder, stored: 1s, 5c. Got 1s, 5c.
Ignored: Blackout, stored: 1s, 3c. Got 1s, 3c.
Ignored: Blackout (2013), stored: 1s, 1c. Got 1s, 1c.
Ignored: Blandings, stored: 1s, 1c. Got 1s, 1c.
Ignored: Blue Bloods, stored: 4s, 89c. Got 4s, 89c.
Ignored: Blue Mountain State, stored: 3s, 38c. Got 3s, 38c.
Ignored: Bluestone 42, stored: 2s, 10c. Got 2s, 10c.
Ignored: Boardwalk Empire, stored: 4s, 48c. Got 4s, 48c.
Ignored: Bob Servant Independent, stored: 1s, 1c. Got 1s, 1c.
Ignored: Bob's Burgers, stored: 4s, 67c. Got 4s, 67c.
Ignored: Body of Proof, stored: 3s, 42c. Got 3s, 42c.
Ignored: Bomb Girls, stored: 2s, 18c. Got 2s, 18c.
Ignored: Bones, stored: 9s, 168c. Got 9s, 168c.
Ignored: Bonnie and Clyde (2013), stored: 1s, 2c. Got 1s, 2c.
Ignored: Borealis, stored: 1s, 1c. Got 1s, 1c.
Ignored: Bored to Death, stored: 3s, 24c. Got 3s, 24c.
Ignored: Borgen, stored: 2s, 18c. Got 2s, 18c.
Ignored: Borgia, stored: 1s, 1c. Got 1s, 1c.
Ignored: Boris, stored: 2s, 28c. Got 2s, 28c.
Ignored: Bosch, stored: 1s, 1c. Got 1s, 1c.
Ignored: Boss, stored: 2s, 18c. Got 2s, 18c.
Ignored: Boston Finest, stored: 1s, 1c. Got 1s, 1c.
Ignored: Boston Legal, stored: 1s, 12c. Got 1s, 12c.
Ignored: Boston Med, stored: 1s, 8c. Got 1s, 8c.
Ignored: Bouquet of Barbed Wire, stored: 1s, 1c. Got 1s, 1c.
Ignored: Boy Meets Girl, stored: 1s, 4c. Got 1s, 4c.
Ignored: Braquo, stored: 2s, 16c. Got 2s, 16c.
Ignored: Breaking Bad, stored: 5s, 62c. Got 5s, 62c.
Ignored: Breaking Bad Minisodes, stored: 1s, 5c. Got 1s, 5c.
Ignored: Breaking In, stored: 2s, 14c. Got 2s, 14c.
Ignored: Breakout Kings, stored: 2s, 22c. Got 2s, 22c.
Ignored: Breathless, stored: 1s, 6c. Got 1s, 6c.
Ignored: Brickleberry, stored: 2s, 20c. Got 2s, 20c.
Ignored: Brimstone, stored: 1s, 1c. Got 1s, 1c.
Ignored: Britannia High, stored: 1s, 3c. Got 1s, 3c.
Ignored: Broad City, stored: 1s, 10c. Got 1s, 10c.
Ignored: Broadchurch, stored: 1s, 8c. Got 1s, 8c.
Ignored: Bron/Broen (The Bridge, 2011), stored: 2s, 20c. Got 2s, 20c.
Ignored: Brooklyn Nine Nine, stored: 1s, 22c. Got 1s, 22c.
Ignored: Brotherhood, stored: 3s, 29c. Got 3s, 29c.
Ignored: Brothers and Sisters, stored: 4s, 71c. Got 4s, 71c.
Ignored: Buffy the Vampire Slayer, stored: 1s, 2c. Got 1s, 2c.
Ignored: Bullet in the Face, stored: 1s, 6c. Got 1s, 6c.
Ignored: Bunheads, stored: 1s, 18c. Got 1s, 18c.
Ignored: Burn Notice, stored: 6s, 98c. Got 6s, 98c.
Ignored: By Any Means, stored: 1s, 6c. Got 1s, 6c.
Ignored: Californication, stored: 7s, 83c. Got 7s, 83c.
Ignored: Call me Fitz, stored: 3s, 31c. Got 3s, 31c.
Ignored: Call The Midwife, stored: 3s, 24c. Got 3s, 24c.
Ignored: Camelot, stored: 1s, 10c. Got 1s, 10c.
Ignored: Camp, stored: 1s, 10c. Got 1s, 10c.
Ignored: Campus, stored: 1s, 2c. Got 1s, 2c.
Ignored: Candy Cabs, stored: 1s, 2c. Got 1s, 2c.
Ignored: Canterbury's Law, stored: 1s, 3c. Got 1s, 3c.
Ignored: Caprica, stored: 1s, 19c. Got 1s, 19c.
Ignored: Cardinal Burns, stored: 1s, 3c. Got 1s, 3c.
Ignored: Carlos, stored: 1s, 3c. Got 1s, 3c.
Ignored: Carnivale, stored: 1s, 12c. Got 1s, 12c.
Ignored: Case Histories , stored: 2s, 9c. Got 2s, 9c.
Ignored: Case Sensitive, stored: 2s, 4c. Got 2s, 4c.
Ignored: Castle, stored: 6s, 128c. Got 6s, 128c.
Ignored: Cat Shit One, stored: 1s, 1c. Got 1s, 1c.
Ignored: Catherine Tate’s Nan, stored: 1s, 1c. Got 1s, 1c.
Ignored: Cedar Cove, stored: 1s, 13c. Got 1s, 13c.
Ignored: Chaos, stored: 1s, 13c. Got 1s, 13c.
Ignored: Chappelle's Show, stored: 1s, 1c. Got 1s, 1c.
Ignored: Charlie's Angels, stored: 1s, 8c. Got 1s, 8c.
Ignored: Chase, stored: 1s, 18c. Got 1s, 18c.
Ignored: Chasing Life, stored: 1s, 8c. Got 1s, 8c.
Ignored: Cheers, stored: 1s, 3c. Got 1s, 3c.
Ignored: Chemistry, stored: 1s, 2c. Got 1s, 2c.
Ignored: Chicago Fire, stored: 2s, 46c. Got 2s, 46c.
Ignored: Chicago PD, stored: 1s, 15c. Got 1s, 15c.
Ignored: Chickens, stored: 1s, 6c. Got 1s, 6c.
Ignored: Childrens Hospital, stored: 5s, 51c. Got 5s, 51c.
Ignored: Chosen, stored: 3s, 18c. Got 3s, 18c.
Ignored: Chozen, stored: 1s, 4c. Got 1s, 4c.
Ignored: Chuck, stored: 5s, 89c. Got 5s, 89c.
Ignored: Clash Of The Gods, stored: 1s, 10c. Got 1s, 10c.
Ignored: Cold Blood, stored: 1s, 1c. Got 1s, 1c.
Ignored: Cold Case, stored: 4s, 48c. Got 4s, 48c.
Ignored: Collision, stored: 1s, 5c. Got 1s, 5c.
Ignored: Coma, stored: 1s, 2c. Got 1s, 2c.
Ignored: Combat Hospital, stored: 1s, 13c. Got 1s, 13c.
Ignored: Come fly with me, stored: 1s, 6c. Got 1s, 6c.
Ignored: Comedy Central Roast, stored: 1s, 5c. Got 1s, 5c.
Ignored: Comic Book Men, stored: 3s, 36c. Got 3s, 36c.
Ignored: Commander in Chief, stored: 1s, 1c. Got 1s, 1c.
Ignored: Common Law, stored: 1s, 12c. Got 1s, 12c.
Ignored: Community, stored: 5s, 97c. Got 5s, 97c.
Ignored: Complicit, stored: 1s, 1c. Got 1s, 1c.
Ignored: Connections, stored: 1s, 7c. Got 1s, 7c.
Ignored: Constantine (2014), stored: 1s, 1c. Got 1s, 1c.
Ignored: Continuum, stored: 3s, 36c. Got 3s, 36c.
Ignored: Copper, stored: 2s, 24c. Got 2s, 24c.
Ignored: Cosmos: A SpaceTime Odyssey, stored: 1s, 13c. Got 1s, 13c.
Ignored: Cougar Town, stored: 5s, 87c. Got 5s, 87c.
Ignored: Count Arthur Strong, stored: 1s, 6c. Got 1s, 6c.
Ignored: Coupling, stored: 3s, 22c. Got 3s, 22c.
Ignored: Covert Affairs, stored: 5s, 65c. Got 5s, 65c.
Ignored: Cowboy Bebop, stored: 1s, 2c. Got 1s, 2c.
Ignored: Cracked, stored: 2s, 21c. Got 2s, 21c.
Ignored: Crash, stored: 2s, 26c. Got 2s, 26c.
Ignored: Crash (UK), stored: 1s, 6c. Got 1s, 6c.
Ignored: Crime and punishment, stored: 1s, 2c. Got 1s, 2c.
Ignored: Criminal Justice, stored: 1s, 1c. Got 1s, 1c.
Ignored: Criminal Minds, stored: 6s, 141c. Got 6s, 141c.
Ignored: Criminal Minds: Suspect Behavior, stored: 1s, 13c. Got 1s, 13c.
Ignored: Crisis, stored: 1s, 13c. Got 1s, 13c.
Ignored: Crooked House, stored: 1s, 3c. Got 1s, 3c.
Ignored: Crossbones, stored: 1s, 7c. Got 1s, 7c.
Ignored: Crossing Lines, stored: 1s, 9c. Got 1s, 9c.
Ignored: Crownies, stored: 1s, 1c. Got 1s, 1c.
Ignored: Crusoe, stored: 1s, 13c. Got 1s, 13c.
Ignored: CSI, stored: 8s, 145c. Got 8s, 145c.
Ignored: CSI Miami, stored: 6s, 116c. Got 6s, 116c.
Ignored: CSI NY, stored: 5s, 105c. Got 5s, 105c.
Ignored: Cuckoo, stored: 1s, 4c. Got 1s, 4c.
Ignored: Cult, stored: 1s, 13c. Got 1s, 13c.
Ignored: Cupid, stored: 1s, 7c. Got 1s, 7c.
Ignored: Curb your enthusiasm, stored: 2s, 21c. Got 2s, 21c.
Ignored: Da Vinci's Demons, stored: 2s, 18c. Got 2s, 18c.
Ignored: Dads, stored: 1s, 18c. Got 1s, 18c.
Ignored: Dallas (2012), stored: 3s, 33c. Got 3s, 33c.
Ignored: Damages, stored: 4s, 46c. Got 4s, 46c.
Ignored: Dance Academy, stored: 3s, 18c. Got 3s, 18c.
Ignored: Dancing on the edge, stored: 1s, 6c. Got 1s, 6c.
Ignored: Danger 5, stored: 1s, 5c. Got 1s, 5c.
Ignored: Dangerous Lady, stored: 1s, 1c. Got 1s, 1c.
Ignored: Dark Blue, stored: 2s, 20c. Got 2s, 20c.
Ignored: Dates, stored: 1s, 9c. Got 1s, 9c.
Ignored: Dating Rules from my future self, stored: 1s, 1c. Got 1s, 1c.
Ignored: Day Break, stored: 1s, 1c. Got 1s, 1c.
Ignored: DCI Banks: Aftermath, stored: 3s, 9c. Got 3s, 9c.
Ignored: De Smaak Van De Keyser, stored: 1s, 1c. Got 1s, 1c.
Ignored: Dead Boss, stored: 1s, 6c. Got 1s, 6c.
Ignored: Dead Set, stored: 1s, 5c. Got 1s, 5c.
Ignored: Deadbeat, stored: 1s, 3c. Got 1s, 3c.
Ignored: Deadliest Catch, stored: 2s, 9c. Got 2s, 9c.
Ignored: Deadliest Warrior, stored: 1s, 1c. Got 1s, 1c.
Ignored: Death Comes to Pemberley, stored: 1s, 3c. Got 1s, 3c.
Ignored: Death Comes to Town, stored: 1s, 1c. Got 1s, 1c.
Ignored: Death in Paradise, stored: 3s, 15c. Got 3s, 15c.
Ignored: Death Valley, stored: 1s, 12c. Got 1s, 12c.
Ignored: Debtocracy, stored: 1s, 1c. Got 1s, 1c.
Ignored: Deception, stored: 1s, 11c. Got 1s, 11c.
Ignored: Defiance, stored: 2s, 19c. Got 2s, 19c.
Ignored: Defying gravity, stored: 1s, 11c. Got 1s, 11c.
Ignored: Degrassi: The Next Generation, stored: 5s, 54c. Got 5s, 54c.
Ignored: Dekalog, stored: 1s, 4c. Got 1s, 4c.
Ignored: Delirium, stored: 1s, 1c. Got 1s, 1c.
Ignored: Demons, stored: 1s, 6c. Got 1s, 6c.
Ignored: Den Fordomde, stored: 1s, 1c. Got 1s, 1c.
Ignored: Den som draeber, stored: 1s, 4c. Got 1s, 4c.
Ignored: Der Chinese, stored: 1s, 1c. Got 1s, 1c.
Ignored: Derek, stored: 2s, 13c. Got 2s, 13c.
Ignored: Desperate Housewives, stored: 4s, 91c. Got 4s, 91c.
Ignored: Desperate Romantics, stored: 1s, 6c. Got 1s, 6c.
Ignored: Destination Truth, stored: 1s, 1c. Got 1s, 1c.
Ignored: Detective Conan, stored: 2s, 4c. Got 2s, 4c.
Ignored: Detroit 187, stored: 1s, 18c. Got 1s, 18c.
Ignored: Devious Maids, stored: 2s, 26c. Got 2s, 26c.
Ignored: Dexter, stored: 8s, 96c. Got 8s, 96c.
Ignored: Dharma , stored: 1s, 1c. Got 1s, 1c.
Ignored: Dirk Gently, stored: 1s, 3c. Got 1s, 3c.
Ignored: Dirk Gently (2010), stored: 1s, 1c. Got 1s, 1c.
Ignored: Dirty Sexy Money, stored: 2s, 22c. Got 2s, 22c.
Ignored: Dive, stored: 1s, 2c. Got 1s, 2c.
Ignored: Divine: The Series, stored: 1s, 6c. Got 1s, 6c.
Ignored: Do No Harm, stored: 1s, 13c. Got 1s, 13c.
Ignored: Doc Martin, stored: 4s, 25c. Got 4s, 25c.
Ignored: Doctor Who (1963), stored: 2s, 9c. Got 2s, 9c.
Ignored: Doctor Who (2005), stored: 8s, 121c. Got 8s, 121c.
Ignored: Doctor Who Confidential, stored: 3s, 35c. Got 3s, 35c.
Ignored: Doctor Who Greatest Moments, stored: 1s, 3c. Got 1s, 3c.
Ignored: Doll , stored: 1s, 2c. Got 1s, 2c.
Ignored: Dollhouse, stored: 2s, 27c. Got 2s, 27c.
Ignored: Dominion, stored: 1s, 6c. Got 1s, 6c.
Ignored: Dont Trust the B in Apartment 23, stored: 2s, 26c. Got 2s, 26c.
Ignored: Doogie Howser M.D, stored: 1s, 1c. Got 1s, 1c.
Ignored: Downton Abbey, stored: 4s, 35c. Got 4s, 35c.
Ignored: Dr. Horrible's Sing Along Blog, stored: 1s, 4c. Got 1s, 4c.
Ignored: Dracula (2013), stored: 1s, 10c. Got 1s, 10c.
Ignored: Dragons: Riders of Berk, stored: 2s, 23c. Got 2s, 23c.
Ignored: Drifters, stored: 1s, 4c. Got 1s, 4c.
Ignored: Drop Dead Diva, stored: 6s, 76c. Got 6s, 76c.
Ignored: Drunk History, stored: 2s, 4c. Got 2s, 4c.
Ignored: Drunken to love you, stored: 1s, 2c. Got 1s, 2c.
Ignored: Due South, stored: 1s, 14c. Got 1s, 14c.
Ignored: Durham County, stored: 3s, 18c. Got 3s, 18c.
Ignored: Eagleheart, stored: 2s, 15c. Got 2s, 15c.
Ignored: Early Edition, stored: 1s, 3c. Got 1s, 3c.
Ignored: Earth The Biography, stored: 1s, 5c. Got 1s, 5c.
Ignored: Earth The Power of the Planet, stored: 1s, 5c. Got 1s, 5c.
Ignored: Eastbound and Down, stored: 4s, 29c. Got 4s, 29c.
Ignored: Eastwick, stored: 1s, 13c. Got 1s, 13c.
Ignored: Edge of Heaven, stored: 1s, 1c. Got 1s, 1c.
Ignored: El Dorado, stored: 1s, 2c. Got 1s, 2c.
Ignored: Elementary, stored: 2s, 47c. Got 2s, 47c.
Ignored: Eleventh Hour, stored: 1s, 18c. Got 1s, 18c.
Ignored: Eli Stone, stored: 1s, 13c. Got 1s, 13c.
Ignored: Emily Owens M.D., stored: 1s, 13c. Got 1s, 13c.
Ignored: Emma, stored: 1s, 4c. Got 1s, 4c.
Ignored: Emperor Of The Sea, stored: 1s, 1c. Got 1s, 1c.
Ignored: En pilgrims död, stored: 1s, 2c. Got 1s, 2c.
Ignored: Endeavour, stored: 2s, 9c. Got 2s, 9c.
Ignored: Endgame, stored: 1s, 13c. Got 1s, 13c.
Ignored: Engrenages (Spiral) II, stored: 2s, 10c. Got 2s, 10c.
Ignored: Enlightened, stored: 2s, 16c. Got 2s, 16c.
Ignored: Enlisted, stored: 1s, 13c. Got 1s, 13c.
Ignored: Entourage, stored: 6s, 55c. Got 6s, 55c.
Ignored: Episodes, stored: 3s, 25c. Got 3s, 25c.
Ignored: ER, stored: 1s, 22c. Got 1s, 22c.
Ignored: Eternal Law, stored: 1s, 6c. Got 1s, 6c.
Ignored: Eureka, stored: 5s, 78c. Got 5s, 78c.
Ignored: Everybody Hates Chris, stored: 1s, 22c. Got 1s, 22c.
Ignored: Everybody Loves Raymond, stored: 2s, 2c. Got 2s, 2c.
Ignored: Exile, stored: 1s, 3c. Got 1s, 3c.
Ignored: Expedition Impossible, stored: 1s, 10c. Got 1s, 10c.
Ignored: Face Off, stored: 2s, 2c. Got 2s, 2c.
Ignored: Fairly Legal, stored: 2s, 23c. Got 2s, 23c.
Ignored: Faking It, stored: 1s, 8c. Got 1s, 8c.
Ignored: Falcon, stored: 1s, 4c. Got 1s, 4c.
Ignored: Falling Skies, stored: 4s, 34c. Got 4s, 34c.
Ignored: Family Guy, stored: 6s, 123c. Got 6s, 123c.
Ignored: Family Ties, stored: 1s, 1c. Got 1s, 1c.
Ignored: Family Tools, stored: 1s, 10c. Got 1s, 10c.
Ignored: Family Tree, stored: 1s, 8c. Got 1s, 8c.
Ignored: Fargo, stored: 1s, 10c. Got 1s, 10c.
Ignored: Farscape, stored: 1s, 3c. Got 1s, 3c.
Ignored: Fat Tony , stored: 1s, 1c. Got 1s, 1c.
Ignored: Father , stored: 1s, 4c. Got 1s, 4c.
Ignored: Father Brown, stored: 2s, 14c. Got 2s, 14c.
Ignored: Father Figure, stored: 1s, 6c. Got 1s, 6c.
Ignored: Father Ted, stored: 1s, 1c. Got 1s, 1c.
Ignored: Fear Itself, stored: 1s, 5c. Got 1s, 5c.
Ignored: Felicity, stored: 1s, 1c. Got 1s, 1c.
Ignored: Femme Fatales, stored: 2s, 25c. Got 2s, 25c.
Ignored: Fight or Flight, stored: 1s, 1c. Got 1s, 1c.
Ignored: Filhos do Carnaval, stored: 1s, 6c. Got 1s, 6c.
Ignored: Filthy, Rich , stored: 1s, 2c. Got 1s, 2c.
Ignored: Finding Carter, stored: 1s, 4c. Got 1s, 4c.
Ignored: Finding Life Beyond Earth, stored: 1s, 2c. Got 1s, 2c.
Ignored: Firefly, stored: 2s, 15c. Got 2s, 15c.
Ignored: Five Daughters, stored: 1s, 3c. Got 1s, 3c.
Ignored: Five Days, stored: 2s, 10c. Got 2s, 10c.
Ignored: Flash Forward, stored: 1s, 23c. Got 1s, 23c.
Ignored: Flashpoint, stored: 5s, 72c. Got 5s, 72c.
Ignored: Fleming: The Man Who Would Be Bond, stored: 1s, 4c. Got 1s, 4c.
Ignored: Flight of the Conchords, stored: 2s, 22c. Got 2s, 22c.
Ignored: Fly Girls, stored: 1s, 6c. Got 1s, 6c.
Ignored: FM, stored: 1s, 6c. Got 1s, 6c.
Ignored: Forbidden Science, stored: 1s, 3c. Got 1s, 3c.
Ignored: Forbrydelsen, stored: 3s, 40c. Got 3s, 40c.
Ignored: Foyle's War, stored: 2s, 3c. Got 2s, 3c.
Ignored: Frankie, stored: 1s, 6c. Got 1s, 6c.
Ignored: Franklin , stored: 3s, 29c. Got 3s, 29c.
Ignored: Frasier, stored: 8s, 137c. Got 8s, 137c.
Ignored: Freaks , stored: 1s, 2c. Got 1s, 2c.
Ignored: Free Agents, stored: 1s, 6c. Got 1s, 6c.
Ignored: Free Agents (US), stored: 1s, 4c. Got 1s, 4c.
Ignored: Free to choose, stored: 1s, 2c. Got 1s, 2c.
Ignored: Fresh Meat, stored: 3s, 22c. Got 3s, 22c.
Ignored: Friday Night Dinner, stored: 1s, 4c. Got 1s, 4c.
Ignored: Friday Night Lights, stored: 5s, 76c. Got 5s, 76c.
Ignored: Friday the 13th, stored: 1s, 4c. Got 1s, 4c.
Ignored: Friends, stored: 4s, 12c. Got 4s, 12c.
Ignored: Friends With Benefits, stored: 1s, 12c. Got 1s, 12c.
Ignored: Friends With Better Lives, stored: 1s, 8c. Got 1s, 8c.
Ignored: Fringe, stored: 5s, 100c. Got 5s, 100c.
Ignored: From Dusk Till Dawn, stored: 1s, 10c. Got 1s, 10c.
Ignored: From there to here, stored: 1s, 3c. Got 1s, 3c.
Ignored: Fry's Planet Word, stored: 1s, 1c. Got 1s, 1c.
Ignored: Funny Or Die Presents..., stored: 1s, 1c. Got 1s, 1c.
Ignored: Futurama, stored: 3s, 54c. Got 3s, 54c.
Ignored: Galapagos with David Attenborough, stored: 1s, 1c. Got 1s, 1c.
Ignored: Game of Thrones, stored: 4s, 46c. Got 4s, 46c.
Ignored: Gang Related, stored: 1s, 10c. Got 1s, 10c.
Ignored: Gangsta Granny, stored: 1s, 1c. Got 1s, 1c.
Ignored: Garrows Law: Tales from the Old Bailey, stored: 3s, 12c. Got 3s, 12c.
Ignored: Gary Barlow: On Her Majestys Service, stored: 1s, 1c. Got 1s, 1c.
Ignored: Gary Unmarried, stored: 2s, 37c. Got 2s, 37c.
Ignored: Gates, stored: 1s, 4c. Got 1s, 4c.
Ignored: Gavin , stored: 1s, 4c. Got 1s, 4c.
Ignored: GCB, stored: 1s, 10c. Got 1s, 10c.
Ignored: Generation Kill, stored: 1s, 7c. Got 1s, 7c.
Ignored: Generator Rex, stored: 2s, 3c. Got 2s, 3c.
Ignored: Genius of Britain, stored: 1s, 5c. Got 1s, 5c.
Ignored: George Harrison: Living In The Material World, stored: 1s, 2c. Got 1s, 2c.
Ignored: Getting On (US), stored: 1s, 6c. Got 1s, 6c.
Ignored: Ghost In The Shell: Stand alone Complex, stored: 1s, 11c. Got 1s, 11c.
Ignored: Ghost Whisperer, stored: 4s, 68c. Got 4s, 68c.
Ignored: Ghostfacers, stored: 1s, 1c. Got 1s, 1c.
Ignored: Girl Meets World, stored: 1s, 4c. Got 1s, 4c.
Ignored: Girls, stored: 3s, 32c. Got 3s, 32c.
Ignored: Glasgow Girls, stored: 1s, 1c. Got 1s, 1c.
Ignored: Glee, stored: 5s, 108c. Got 5s, 108c.
Ignored: Glory Daze, stored: 1s, 10c. Got 1s, 10c.
Ignored: Go On!, stored: 1s, 22c. Got 1s, 22c.
Ignored: God bless Iceland, stored: 1s, 1c. Got 1s, 1c.
Ignored: Going Postal, stored: 1s, 2c. Got 1s, 2c.
Ignored: Golden Boy, stored: 1s, 13c. Got 1s, 13c.
Ignored: Gomorra, stored: 1s, 12c. Got 1s, 12c.
Ignored: Good Cop, stored: 1s, 4c. Got 1s, 4c.
Ignored: Good luck, stored: 1s, 1c. Got 1s, 1c.
Ignored: Good luck Charlie, stored: 3s, 9c. Got 3s, 9c.
Ignored: Good Vibes, stored: 1s, 12c. Got 1s, 12c.
Ignored: Gossip Girl, stored: 6s, 120c. Got 6s, 120c.
Ignored: Graceland, stored: 2s, 19c. Got 2s, 19c.
Ignored: Graven, stored: 1s, 8c. Got 1s, 8c.
Ignored: Gravity, stored: 1s, 10c. Got 1s, 10c.
Ignored: Gravity Falls, stored: 1s, 14c. Got 1s, 14c.
Ignored: Great Expectations, stored: 1s, 3c. Got 1s, 3c.
Ignored: Great Night Out, stored: 1s, 1c. Got 1s, 1c.
Ignored: Greek, stored: 3s, 49c. Got 3s, 49c.
Ignored: Greek Uncovered, stored: 1s, 2c. Got 1s, 2c.
Ignored: Green Lantern The Animated Series, stored: 1s, 25c. Got 1s, 25c.
Ignored: Green Wing, stored: 1s, 1c. Got 1s, 1c.
Ignored: Greys Anatomy, stored: 10s, 156c. Got 10s, 156c.
Ignored: Grimm, stored: 3s, 66c. Got 3s, 66c.
Ignored: Ground Floor, stored: 1s, 10c. Got 1s, 10c.
Ignored: Grounded for Life, stored: 1s, 4c. Got 1s, 4c.
Ignored: Growing Up Fisher, stored: 1s, 13c. Got 1s, 13c.
Ignored: Gunpowder, Treason , stored: 1s, 2c. Got 1s, 2c.
Ignored: Guys With Kids, stored: 1s, 17c. Got 1s, 17c.
Ignored: H2O Just add water, stored: 2s, 29c. Got 2s, 29c.
Ignored: H8R, stored: 1s, 3c. Got 1s, 3c.
Ignored: Hacks, stored: 1s, 1c. Got 1s, 1c.
Ignored: Halo 4: Forward Unto Dawn, stored: 1s, 1c. Got 1s, 1c.
Ignored: Halo Legends, stored: 1s, 8c. Got 1s, 8c.
Ignored: Halt and Catch Fire, stored: 1s, 9c. Got 1s, 9c.
Ignored: Hamarinn (aka The Cliff), stored: 1s, 4c. Got 1s, 4c.
Ignored: Hamlet, stored: 1s, 2c. Got 1s, 2c.
Ignored: Hank, stored: 1s, 5c. Got 1s, 5c.
Ignored: Hannah Montana, stored: 4s, 19c. Got 4s, 19c.
Ignored: Hannibal, stored: 2s, 26c. Got 2s, 26c.
Ignored: Happily Divorced, stored: 2s, 33c. Got 2s, 33c.
Ignored: Happy Endings, stored: 3s, 58c. Got 3s, 58c.
Ignored: Happy Town, stored: 1s, 8c. Got 1s, 8c.
Ignored: Happy Valley, stored: 1s, 6c. Got 1s, 6c.
Ignored: Harpers Island, stored: 1s, 13c. Got 1s, 13c.
Ignored: Harry´s Law, stored: 2s, 34c. Got 2s, 34c.
Ignored: Hart of Dixie, stored: 3s, 66c. Got 3s, 66c.
Ignored: Hatfields , stored: 1s, 3c. Got 1s, 3c.
Ignored: Hatufim (Prisoners of War), stored: 1s, 1c. Got 1s, 1c.
Ignored: Haven, stored: 4s, 52c. Got 4s, 52c.
Ignored: Hawaii Five 0 (2010), stored: 4s, 93c. Got 4s, 93c.
Ignored: Hawthorne , stored: 3s, 29c. Got 3s, 29c.
Ignored: HBO Superheroes, stored: 1s, 1c. Got 1s, 1c.
Ignored: He Kills Coppers, stored: 1s, 3c. Got 1s, 3c.
Ignored: Heading Out, stored: 1s, 6c. Got 1s, 6c.
Ignored: Heartland (CA), stored: 4s, 14c. Got 4s, 14c.
Ignored: Hebburn, stored: 1s, 2c. Got 1s, 2c.
Ignored: Helix, stored: 1s, 12c. Got 1s, 12c.
Ignored: Hell On Wheels, stored: 3s, 28c. Got 3s, 28c.
Ignored: Hell's kitchen, stored: 3s, 5c. Got 3s, 5c.
Ignored: Hellcats, stored: 1s, 22c. Got 1s, 22c.
Ignored: Hello Ladies, stored: 1s, 8c. Got 1s, 8c.
Ignored: Hellsing Ultimate, stored: 1s, 2c. Got 1s, 2c.
Ignored: Hemlock Grove, stored: 2s, 23c. Got 2s, 23c.
Ignored: Heroes, stored: 3s, 47c. Got 3s, 47c.
Ignored: Heroes of Cosplay, stored: 1s, 2c. Got 1s, 2c.
Ignored: Heroes Unmasked, stored: 1s, 3c. Got 1s, 3c.
Ignored: Heroes Webisodes, stored: 2s, 3c. Got 2s, 3c.
Ignored: Hidden, stored: 1s, 4c. Got 1s, 4c.
Ignored: Hidden Worlds: Caves of the Dead, stored: 1s, 1c. Got 1s, 1c.
Ignored: High School USA!, stored: 1s, 10c. Got 1s, 10c.
Ignored: High Society , stored: 1s, 8c. Got 1s, 8c.
Ignored: Highlander, stored: 1s, 2c. Got 1s, 2c.
Ignored: Him , stored: 4s, 18c. Got 4s, 18c.
Ignored: Hinterland, stored: 1s, 1c. Got 1s, 1c.
Ignored: History of football, stored: 1s, 2c. Got 1s, 2c.
Ignored: Hit , stored: 1s, 6c. Got 1s, 6c.
Ignored: Homeland, stored: 3s, 36c. Got 3s, 36c.
Ignored: Homicide: Life on the Street, stored: 4s, 32c. Got 4s, 32c.
Ignored: Hope Springs, stored: 1s, 8c. Got 1s, 8c.
Ignored: Hořící keř, stored: 1s, 3c. Got 1s, 3c.
Ignored: Horizon, stored: 1s, 1c. Got 1s, 1c.
Ignored: Hostages, stored: 1s, 15c. Got 1s, 15c.
Ignored: Hot in Cleveland, stored: 5s, 98c. Got 5s, 98c.
Ignored: House MD, stored: 7s, 142c. Got 7s, 142c.
Ignored: House of Anubis, stored: 2s, 27c. Got 2s, 27c.
Ignored: House of Cards, stored: 2s, 8c. Got 2s, 8c.
Ignored: House of Cards (2013), stored: 2s, 26c. Got 2s, 26c.
Ignored: House of Fools, stored: 1s, 1c. Got 1s, 1c.
Ignored: House of Lies , stored: 3s, 37c. Got 3s, 37c.
Ignored: House of Saddam, stored: 1s, 4c. Got 1s, 4c.
Ignored: How I Met Your Mother, stored: 9s, 177c. Got 9s, 177c.
Ignored: How Not To Live Your Life, stored: 3s, 20c. Got 3s, 20c.
Ignored: How The Universe Works, stored: 2s, 10c. Got 2s, 10c.
Ignored: How to Be a Gentleman, stored: 1s, 9c. Got 1s, 9c.
Ignored: How to kill a tv, stored: 1s, 1c. Got 1s, 1c.
Ignored: How to Live With Your Parents, stored: 1s, 13c. Got 1s, 13c.
Ignored: How to Make It in America, stored: 2s, 16c. Got 2s, 16c.
Ignored: How TV Ruined Your Life, stored: 1s, 4c. Got 1s, 4c.
Ignored: How Videogames Changed the World, stored: 1s, 1c. Got 1s, 1c.
Ignored: Huge, stored: 1s, 10c. Got 1s, 10c.
Ignored: Hulk and the Agents of S.M.A.S.H., stored: 1s, 6c. Got 1s, 6c.
Ignored: Human Planet, stored: 1s, 4c. Got 1s, 4c.
Ignored: Human Target, stored: 2s, 25c. Got 2s, 25c.
Ignored: Hunderby, stored: 1s, 7c. Got 1s, 7c.
Ignored: Hung, stored: 3s, 30c. Got 3s, 30c.
Ignored: Hunted, stored: 1s, 8c. Got 1s, 8c.
Ignored: Hunter (UK), stored: 1s, 2c. Got 1s, 2c.
Ignored: Hustle, stored: 4s, 24c. Got 4s, 24c.
Ignored: Hyperdrive, stored: 2s, 9c. Got 2s, 9c.
Ignored: I Hate Luv Stories, stored: 1s, 1c. Got 1s, 1c.
Ignored: I Hate My Teenage Daughter, stored: 1s, 7c. Got 1s, 7c.
Ignored: I Just Want My Pants Back , stored: 1s, 11c. Got 1s, 11c.
Ignored: I'm Alan Partridge, stored: 1s, 5c. Got 1s, 5c.
Ignored: Identity, stored: 1s, 6c. Got 1s, 6c.
Ignored: iGenius: How Steve Jobs Changed the World, stored: 1s, 1c. Got 1s, 1c.
Ignored: Il Capo dei Capi, stored: 1s, 1c. Got 1s, 1c.
Ignored: Il Commissario Montalbano 2011, stored: 2s, 5c. Got 2s, 5c.
Ignored: Il giovane Montalbano, stored: 1s, 1c. Got 1s, 1c.
Ignored: Impact, stored: 1s, 2c. Got 1s, 2c.
Ignored: Important Things with Demetri Martin, stored: 1s, 1c. Got 1s, 1c.
Ignored: In Justice, stored: 1s, 12c. Got 1s, 12c.
Ignored: In Plain Sight, stored: 4s, 49c. Got 4s, 49c.
Ignored: In the flesh, stored: 2s, 9c. Got 2s, 9c.
Ignored: In Treatment, stored: 3s, 106c. Got 3s, 106c.
Ignored: In With The Flynns, stored: 1s, 2c. Got 1s, 2c.
Ignored: Injustice, stored: 1s, 5c. Got 1s, 5c.
Ignored: InSecurity, stored: 2s, 19c. Got 2s, 19c.
Ignored: Inside Men, stored: 1s, 4c. Got 1s, 4c.
Ignored: Inside No. 9, stored: 1s, 6c. Got 1s, 6c.
Ignored: Inspector Lewis, stored: 2s, 6c. Got 2s, 6c.
Ignored: Instant Star, stored: 1s, 1c. Got 1s, 1c.
Ignored: Intelligence (US), stored: 1s, 13c. Got 1s, 13c.
Ignored: INXS Never Tear us Apart, stored: 1s, 1c. Got 1s, 1c.
Ignored: Iron Man Armored Adventures, stored: 2s, 2c. Got 2s, 2c.
Ignored: Ironside (2013), stored: 1s, 4c. Got 1s, 4c.
Ignored: IRT Deadliest Roads (Himalaya), stored: 1s, 1c. Got 1s, 1c.
Ignored: It's Kevin, stored: 1s, 6c. Got 1s, 6c.
Ignored: Its Always Sunny in Philadelphia, stored: 9s, 80c. Got 9s, 80c.
Ignored: Ja'mie: Private School Girl, stored: 1s, 6c. Got 1s, 6c.
Ignored: Jack , stored: 1s, 2c. Got 1s, 2c.
Ignored: JAG, stored: 1s, 2c. Got 1s, 2c.
Ignored: Jamaica Inn, stored: 1s, 3c. Got 1s, 3c.
Ignored: James Gandolfini: Tribute to a Friend, stored: 1s, 1c. Got 1s, 1c.
Ignored: Jane By Design , stored: 1s, 18c. Got 1s, 18c.
Ignored: Janet King, stored: 1s, 8c. Got 1s, 8c.
Ignored: Jeff Dunham Controlled Chaos, stored: 1s, 1c. Got 1s, 1c.
Ignored: Jeff Dunham show, stored: 1s, 5c. Got 1s, 5c.
Ignored: Jekyll, stored: 1s, 6c. Got 1s, 6c.
Ignored: Jennifer Falls, stored: 1s, 7c. Got 1s, 7c.
Ignored: Jersey Shore, stored: 3s, 18c. Got 3s, 18c.
Ignored: Jessie, stored: 1s, 3c. Got 1s, 3c.
Ignored: Jim Henson's Creature Shop Challenge, stored: 1s, 1c. Got 1s, 1c.
Ignored: Jim Henson's The Storyteller, stored: 1s, 1c. Got 1s, 1c.
Ignored: Jo, stored: 1s, 4c. Got 1s, 4c.
Ignored: Joan Of Arcadia, stored: 1s, 7c. Got 1s, 7c.
Ignored: John Adams, stored: 1s, 7c. Got 1s, 7c.
Ignored: John Doe, stored: 1s, 10c. Got 1s, 10c.
Ignored: Jonas L.A., stored: 1s, 13c. Got 1s, 13c.
Ignored: JourneyQuest, stored: 1s, 2c. Got 1s, 2c.
Ignored: Jpod, stored: 1s, 2c. Got 1s, 2c.
Ignored: Just shoot me, stored: 1s, 6c. Got 1s, 6c.
Ignored: Justice, stored: 1s, 12c. Got 1s, 12c.
Ignored: Justified, stored: 5s, 65c. Got 5s, 65c.
Ignored: Kath And Kim (US), stored: 1s, 13c. Got 1s, 13c.
Ignored: Keen Eddie, stored: 1s, 2c. Got 1s, 2c.
Ignored: Kidnap and ransom, stored: 1s, 3c. Got 1s, 3c.
Ignored: Killer Women, stored: 1s, 7c. Got 1s, 7c.
Ignored: King, stored: 2s, 21c. Got 2s, 21c.
Ignored: King , stored: 1s, 10c. Got 1s, 10c.
Ignored: King of the Hill, stored: 1s, 1c. Got 1s, 1c.
Ignored: King of The Nerds, stored: 2s, 15c. Got 2s, 15c.
Ignored: Kings, stored: 1s, 12c. Got 1s, 12c.
Ignored: Kirstie, stored: 1s, 12c. Got 1s, 12c.
Ignored: Kitchen Nightmares, stored: 2s, 2c. Got 2s, 2c.
Ignored: Klondike (2014), stored: 1s, 3c. Got 1s, 3c.
Ignored: Knight Rider, stored: 1s, 17c. Got 1s, 17c.
Ignored: Known Universe, stored: 1s, 5c. Got 1s, 5c.
Ignored: Krod Mandoon and the Flaming Sword of Fire, stored: 1s, 6c. Got 1s, 6c.
Ignored: Kung Fu Panda: Legends Of Awesomeness, stored: 2s, 10c. Got 2s, 10c.
Ignored: Kyle XY, stored: 2s, 11c. Got 2s, 11c.
Ignored: La La Land, stored: 1s, 6c. Got 1s, 6c.
Ignored: La piovra, stored: 1s, 1c. Got 1s, 1c.
Ignored: Labyrinth (2012), stored: 1s, 2c. Got 1s, 2c.
Ignored: Land Girls, stored: 3s, 12c. Got 3s, 12c.
Ignored: Lark Rise to Candleford, stored: 1s, 1c. Got 1s, 1c.
Ignored: Last Man Standing, stored: 3s, 64c. Got 3s, 64c.
Ignored: Last Resort, stored: 1s, 13c. Got 1s, 13c.
Ignored: Last tango in Halifax, stored: 1s, 6c. Got 1s, 6c.
Ignored: Law , stored: 8s, 97c. Got 8s, 97c.
Ignored: Law and Order Trial by Jury, stored: 1s, 1c. Got 1s, 1c.
Ignored: Law and Order UK, stored: 5s, 24c. Got 5s, 24c.
Ignored: Law and Order: Criminal Intent, stored: 6s, 71c. Got 6s, 71c.
Ignored: Law And Order: Los Angeles, stored: 1s, 22c. Got 1s, 22c.
Ignored: Law and Order: SVU, stored: 6s, 134c. Got 6s, 134c.
Ignored: Leaving, stored: 1s, 3c. Got 1s, 3c.
Ignored: Legacy, stored: 1s, 1c. Got 1s, 1c.
Ignored: Legend of the Seeker, stored: 2s, 44c. Got 2s, 44c.
Ignored: Legion of superheroes, stored: 2s, 9c. Got 2s, 9c.
Ignored: Legit, stored: 2s, 26c. Got 2s, 26c.
Ignored: LEGO Legends of Chima, stored: 1s, 4c. Got 1s, 4c.
Ignored: Les Aventures de Tintin et Milou, stored: 1s, 5c. Got 1s, 5c.
Ignored: Les Revenants, stored: 1s, 8c. Got 1s, 8c.
Ignored: Leverage, stored: 5s, 76c. Got 5s, 76c.
Ignored: Lexx, stored: 1s, 4c. Got 1s, 4c.
Ignored: Lie to Me, stored: 3s, 49c. Got 3s, 49c.
Ignored: Life, stored: 2s, 32c. Got 2s, 32c.
Ignored: Life 2009, stored: 1s, 10c. Got 1s, 10c.
Ignored: Life of Crime, stored: 1s, 3c. Got 1s, 3c.
Ignored: Life on Mars, stored: 2s, 16c. Got 2s, 16c.
Ignored: Life on Mars (USA), stored: 1s, 17c. Got 1s, 17c.
Ignored: Life Unexpected, stored: 2s, 26c. Got 2s, 26c.
Ignored: Life's Too Short, stored: 1s, 8c. Got 1s, 8c.
Ignored: Lightfields, stored: 1s, 5c. Got 1s, 5c.
Ignored: Lights Out, stored: 1s, 13c. Got 1s, 13c.
Ignored: Lilyhammer, stored: 2s, 16c. Got 2s, 16c.
Ignored: Lincoln Heights, stored: 1s, 1c. Got 1s, 1c.
Ignored: Line of Duty, stored: 2s, 11c. Got 2s, 11c.
Ignored: Lip Service, stored: 2s, 12c. Got 2s, 12c.
Ignored: Lipstick Jungle, stored: 2s, 13c. Got 2s, 13c.
Ignored: Little Britain USA, stored: 1s, 6c. Got 1s, 6c.
Ignored: Little Mosque on the Prairie, stored: 2s, 12c. Got 2s, 12c.
Ignored: London Irish, stored: 1s, 6c. Got 1s, 6c.
Ignored: Lone Star, stored: 1s, 2c. Got 1s, 2c.
Ignored: Longmire, stored: 3s, 32c. Got 3s, 32c.
Ignored: Looking, stored: 1s, 8c. Got 1s, 8c.
Ignored: Lost, stored: 4s, 65c. Got 4s, 65c.
Ignored: Lost Girl, stored: 4s, 64c. Got 4s, 64c.
Ignored: Lost in Austen, stored: 1s, 2c. Got 1s, 2c.
Ignored: Louie, stored: 4s, 53c. Got 4s, 53c.
Ignored: Louie CK (Oh, my God), stored: 1s, 1c. Got 1s, 1c.
Ignored: Love and Marriage, stored: 1s, 6c. Got 1s, 6c.
Ignored: Love Bites, stored: 1s, 8c. Got 1s, 8c.
Ignored: Love Child, stored: 1s, 8c. Got 1s, 8c.
Ignored: Love Life, stored: 1s, 2c. Got 1s, 2c.
Ignored: Love/Hate, stored: 1s, 1c. Got 1s, 1c.
Ignored: Low Winter Sun, stored: 1s, 9c. Got 1s, 9c.
Ignored: Lucan, stored: 1s, 2c. Got 1s, 2c.
Ignored: Luck, stored: 1s, 9c. Got 1s, 9c.
Ignored: Lucky 7, stored: 1s, 2c. Got 1s, 2c.
Ignored: Lucky Louie, stored: 1s, 13c. Got 1s, 13c.
Ignored: Lunch Monkeys, stored: 2s, 7c. Got 2s, 7c.
Ignored: Luther, stored: 3s, 14c. Got 3s, 14c.
Ignored: MAD , stored: 2s, 18c. Got 2s, 18c.
Ignored: Mad About You, stored: 2s, 24c. Got 2s, 24c.
Ignored: Mad Dogs, stored: 4s, 13c. Got 4s, 13c.
Ignored: Mad Love, stored: 1s, 13c. Got 1s, 13c.
Ignored: Mad Men, stored: 7s, 83c. Got 7s, 83c.
Ignored: Made in Jersey, stored: 1s, 8c. Got 1s, 8c.
Ignored: Magic City, stored: 2s, 16c. Got 2s, 16c.
Ignored: Major Crimes, stored: 3s, 37c. Got 3s, 37c.
Ignored: Make it or Break it, stored: 3s, 47c. Got 3s, 47c.
Ignored: Malcolm in the middle, stored: 1s, 16c. Got 1s, 16c.
Ignored: Malibu Country, stored: 1s, 5c. Got 1s, 5c.
Ignored: Malviviendo, stored: 1s, 4c. Got 1s, 4c.
Ignored: Mammon, stored: 1s, 1c. Got 1s, 1c.
Ignored: Man Down, stored: 1s, 6c. Got 1s, 6c.
Ignored: Man Up, stored: 1s, 10c. Got 1s, 10c.
Ignored: Manhattan (2014), stored: 1s, 1c. Got 1s, 1c.
Ignored: Marchlands, stored: 1s, 5c. Got 1s, 5c.
Ignored: Maron, stored: 1s, 1c. Got 1s, 1c.
Ignored: Married, stored: 1s, 2c. Got 1s, 2c.
Ignored: Martina Cole's The Runaway, stored: 1s, 5c. Got 1s, 5c.
Ignored: Marvel Studios: Assembling a Universe, stored: 1s, 1c. Got 1s, 1c.
Ignored: Marvel's Agents of S.H.I.E.L.D., stored: 1s, 22c. Got 1s, 22c.
Ignored: Mary and Martha, stored: 1s, 1c. Got 1s, 1c.
Ignored: MASH, stored: 2s, 4c. Got 2s, 4c.
Ignored: Master Chef, stored: 3s, 15c. Got 3s, 15c.
Ignored: Masters of Money, stored: 1s, 1c. Got 1s, 1c.
Ignored: Masters of Sex, stored: 2s, 15c. Got 2s, 15c.
Ignored: Matador (US), stored: 1s, 2c. Got 1s, 2c.
Ignored: Material Girl, stored: 1s, 6c. Got 1s, 6c.
Ignored: Mayday, stored: 1s, 5c. Got 1s, 5c.
Ignored: Me and Mrs Jones, stored: 1s, 6c. Got 1s, 6c.
Ignored: Medium, stored: 3s, 53c. Got 3s, 53c.
Ignored: Melissa , stored: 3s, 82c. Got 3s, 82c.
Ignored: Melrose Place (2009), stored: 1s, 18c. Got 1s, 18c.
Ignored: Memphis Beat, stored: 2s, 20c. Got 2s, 20c.
Ignored: Men at Work, stored: 3s, 30c. Got 3s, 30c.
Ignored: Men in Trees, stored: 1s, 13c. Got 1s, 13c.
Ignored: Men of a Certain Age, stored: 2s, 22c. Got 2s, 22c.
Ignored: Mental, stored: 1s, 12c. Got 1s, 12c.
Ignored: Mercy, stored: 1s, 22c. Got 1s, 22c.
Ignored: Merlin, stored: 5s, 66c. Got 5s, 66c.
Ignored: Messiah, stored: 3s, 7c. Got 3s, 7c.
Ignored: Metalocalypse, stored: 3s, 23c. Got 3s, 23c.
Ignored: Miami Medical, stored: 1s, 13c. Got 1s, 13c.
Ignored: Midas, stored: 1s, 4c. Got 1s, 4c.
Ignored: Midsomer Murders, stored: 2s, 4c. Got 2s, 4c.
Ignored: Mighty Med, stored: 1s, 2c. Got 1s, 2c.
Ignored: Mike , stored: 4s, 92c. Got 4s, 92c.
Ignored: Mildred Pierce, stored: 1s, 5c. Got 1s, 5c.
Ignored: Mind Games, stored: 1s, 6c. Got 1s, 6c.
Ignored: Miranda, stored: 3s, 18c. Got 3s, 18c.
Ignored: Misfits, stored: 5s, 39c. Got 5s, 39c.
Ignored: Miss Fisher's Murder Mysteries, stored: 2s, 18c. Got 2s, 18c.
Ignored: Missing 2012, stored: 1s, 10c. Got 1s, 10c.
Ignored: Mister Eleven, stored: 1s, 2c. Got 1s, 2c.
Ignored: Mistresses, stored: 3s, 16c. Got 3s, 16c.
Ignored: Mistresses (US), stored: 2s, 21c. Got 2s, 21c.
Ignored: Mixology, stored: 1s, 13c. Got 1s, 13c.
Ignored: Mob City, stored: 1s, 3c. Got 1s, 3c.
Ignored: Mock The Week, stored: 1s, 2c. Got 1s, 2c.
Ignored: Mockingbird Lane, stored: 1s, 1c. Got 1s, 1c.
Ignored: Modern Family, stored: 5s, 120c. Got 5s, 120c.
Ignored: Mom, stored: 1s, 22c. Got 1s, 22c.
Ignored: Monday Mornings, stored: 1s, 10c. Got 1s, 10c.
Ignored: Mongrels, stored: 2s, 14c. Got 2s, 14c.
Ignored: Monk, stored: 5s, 53c. Got 5s, 53c.
Ignored: Monroe, stored: 2s, 12c. Got 2s, 12c.
Ignored: Monsters vs. Aliens, stored: 1s, 9c. Got 1s, 9c.
Ignored: Monty Python Almost the Truth Lawyers, stored: 1s, 6c. Got 1s, 6c.
Ignored: Moone Boy, stored: 2s, 12c. Got 2s, 12c.
Ignored: Moonfleet, stored: 1s, 2c. Got 1s, 2c.
Ignored: Moonlight, stored: 1s, 16c. Got 1s, 16c.
Ignored: Morden, stored: 1s, 6c. Got 1s, 6c.
Ignored: Morden I Sandhamn, stored: 1s, 3c. Got 1s, 3c.
Ignored: Mortal Kombat: Legacy , stored: 1s, 9c. Got 1s, 9c.
Ignored: Moses Jones, stored: 1s, 3c. Got 1s, 3c.
Ignored: Motive (2013), stored: 2s, 26c. Got 2s, 26c.
Ignored: Mount Pleasant, stored: 1s, 1c. Got 1s, 1c.
Ignored: Mozart in the Jungle, stored: 1s, 1c. Got 1s, 1c.
Ignored: Mr Sunshine, stored: 1s, 9c. Got 1s, 9c.
Ignored: Mr. Selfridge, stored: 2s, 20c. Got 2s, 20c.
Ignored: Mr. Sloane, stored: 1s, 6c. Got 1s, 6c.
Ignored: Mrs Biggs, stored: 1s, 5c. Got 1s, 5c.
Ignored: Mrs Brown's Boys, stored: 1s, 1c. Got 1s, 1c.
Ignored: MTV The City, stored: 1s, 1c. Got 1s, 1c.
Ignored: Muhtesem Yüzyil, stored: 1s, 1c. Got 1s, 1c.
Ignored: Murder In the First, stored: 1s, 8c. Got 1s, 8c.
Ignored: Murder On the Home Front, stored: 1s, 2c. Got 1s, 2c.
Ignored: Murder: Joint Enterprise, stored: 1s, 1c. Got 1s, 1c.
Ignored: Murdered by my boyfriend, stored: 1s, 1c. Got 1s, 1c.
Ignored: Murderland, stored: 1s, 3c. Got 1s, 3c.
Ignored: Murdoch Mysteries, stored: 4s, 34c. Got 4s, 34c.
Ignored: Mutant X, stored: 1s, 2c. Got 1s, 2c.
Ignored: my babysitters a vampire, stored: 2s, 5c. Got 2s, 5c.
Ignored: My Boys, stored: 2s, 2c. Got 2s, 2c.
Ignored: My generation, stored: 1s, 2c. Got 1s, 2c.
Ignored: My Life as Liz, stored: 1s, 2c. Got 1s, 2c.
Ignored: My Mad Fat Diary, stored: 2s, 13c. Got 2s, 13c.
Ignored: My Name is Earl, stored: 1s, 27c. Got 1s, 27c.
Ignored: My Own Worst Enemy, stored: 1s, 9c. Got 1s, 9c.
Ignored: Mystery Girls, stored: 1s, 6c. Got 1s, 6c.
Ignored: MythBusters, stored: 3s, 16c. Got 3s, 16c.
Ignored: Napoleon Dynamite, stored: 1s, 6c. Got 1s, 6c.
Ignored: Naruto Shippuden, stored: 1s, 1c. Got 1s, 1c.
Ignored: Nashville, stored: 2s, 45c. Got 2s, 45c.
Ignored: Nathan Barley, stored: 1s, 1c. Got 1s, 1c.
Ignored: NCIS, stored: 9s, 151c. Got 9s, 151c.
Ignored: NCIS Los Angeles, stored: 5s, 119c. Got 5s, 119c.
Ignored: Necessary Roughness, stored: 3s, 38c. Got 3s, 38c.
Ignored: Neighbors From Hell, stored: 1s, 10c. Got 1s, 10c.
Ignored: Neverland, stored: 1s, 2c. Got 1s, 2c.
Ignored: New Amsterdam, stored: 1s, 8c. Got 1s, 8c.
Ignored: New Girl, stored: 3s, 72c. Got 3s, 72c.
Ignored: New Tricks, stored: 3s, 20c. Got 3s, 20c.
Ignored: New Worlds, stored: 1s, 4c. Got 1s, 4c.
Ignored: Newsreaders, stored: 1s, 1c. Got 1s, 1c.
Ignored: Nick Nickleby, stored: 1s, 1c. Got 1s, 1c.
Ignored: Nikita, stored: 4s, 73c. Got 4s, 73c.
Ignored: Nip Tuck, stored: 3s, 27c. Got 3s, 27c.
Ignored: No Heroics, stored: 1s, 6c. Got 1s, 6c.
Ignored: No Ordinary Family, stored: 1s, 20c. Got 1s, 20c.
Ignored: North America, stored: 1s, 1c. Got 1s, 1c.
Ignored: NOVA scienceNOW, stored: 1s, 1c. Got 1s, 1c.
Ignored: Nowhere Boys, stored: 1s, 13c. Got 1s, 13c.
Ignored: NTLive 50 years on stage, stored: 1s, 1c. Got 1s, 1c.
Ignored: NTSF:SD:SUV::, stored: 3s, 34c. Got 3s, 34c.
Ignored: Numb3rs, stored: 2s, 39c. Got 2s, 39c.
Ignored: Nurse Jackie, stored: 6s, 68c. Got 6s, 68c.
Ignored: NYC 22, stored: 1s, 13c. Got 1s, 13c.
Ignored: Occupation, stored: 1s, 3c. Got 1s, 3c.
Ignored: Off the Hook, stored: 1s, 7c. Got 1s, 7c.
Ignored: Off the map, stored: 1s, 13c. Got 1s, 13c.
Ignored: Old School, stored: 1s, 3c. Got 1s, 3c.
Ignored: Oliver Stones Untold History Of The United States, stored: 1s, 10c. Got 1s, 10c.
Ignored: Once Upon a Time, stored: 3s, 69c. Got 3s, 69c.
Ignored: Once Upon a Time in Wonderland, stored: 1s, 13c. Got 1s, 13c.
Ignored: One Foot in the Grave, stored: 1s, 1c. Got 1s, 1c.
Ignored: One Night, stored: 1s, 1c. Got 1s, 1c.
Ignored: One Piece, stored: 1s, 2c. Got 1s, 2c.
Ignored: One Tree Hill, stored: 7s, 117c. Got 7s, 117c.
Ignored: Onion News Empire, stored: 1s, 1c. Got 1s, 1c.
Ignored: Orange is the New Black, stored: 2s, 26c. Got 2s, 26c.
Ignored: Orbit: Earth's Extraordinary Journey, stored: 1s, 2c. Got 1s, 2c.
Ignored: Orphan Black, stored: 2s, 21c. Got 2s, 21c.
Ignored: Oscars Academy Awards, stored: 3s, 4c. Got 3s, 4c.
Ignored: Outcasts, stored: 1s, 8c. Got 1s, 8c.
Ignored: Outlaw, stored: 1s, 8c. Got 1s, 8c.
Ignored: Outnumbered, stored: 2s, 9c. Got 2s, 9c.
Ignored: Outsourced, stored: 1s, 22c. Got 1s, 22c.
Ignored: Oz, stored: 5s, 27c. Got 5s, 27c.
Ignored: Package Deal, stored: 1s, 1c. Got 1s, 1c.
Ignored: Pan Am, stored: 1s, 14c. Got 1s, 14c.
Ignored: Parade`s End, stored: 1s, 5c. Got 1s, 5c.
Ignored: Paradox, stored: 1s, 5c. Got 1s, 5c.
Ignored: Paranormal Witness, stored: 1s, 1c. Got 1s, 1c.
Ignored: Parenthood, stored: 5s, 90c. Got 5s, 90c.
Ignored: Parents, stored: 1s, 4c. Got 1s, 4c.
Ignored: Parks and Recreation, stored: 6s, 111c. Got 6s, 111c.
Ignored: Partners, stored: 1s, 13c. Got 1s, 13c.
Ignored: Party Down, stored: 2s, 20c. Got 2s, 20c.
Ignored: Party of Five, stored: 2s, 47c. Got 2s, 47c.
Ignored: Past Life, stored: 1s, 5c. Got 1s, 5c.
Ignored: Pat and Cabbage, stored: 1s, 2c. Got 1s, 2c.
Ignored: PBS Secrets of the Dead, stored: 1s, 1c. Got 1s, 1c.
Ignored: Peaky Blinders, stored: 1s, 6c. Got 1s, 6c.
Ignored: Peep Show, stored: 6s, 25c. Got 6s, 25c.
Ignored: Penn , stored: 6s, 40c. Got 6s, 40c.
Ignored: Penny Dreadful, stored: 1s, 8c. Got 1s, 8c.
Ignored: Perception, stored: 3s, 31c. Got 3s, 31c.
Ignored: Perfect Couples, stored: 1s, 11c. Got 1s, 11c.
Ignored: Perfect Strangers (2001), stored: 1s, 3c. Got 1s, 3c.
Ignored: Person of Interest, stored: 3s, 68c. Got 3s, 68c.
Ignored: Personal Affairs, stored: 1s, 5c. Got 1s, 5c.
Ignored: Persons Unknown, stored: 1s, 13c. Got 1s, 13c.
Ignored: Perspectives, stored: 1s, 1c. Got 1s, 1c.
Ignored: Phoo Action, stored: 1s, 1c. Got 1s, 1c.
Ignored: Piece of Cake, stored: 1s, 6c. Got 1s, 6c.
Ignored: Pioneer One, stored: 1s, 6c. Got 1s, 6c.
Ignored: Pioneers of Television, stored: 1s, 2c. Got 1s, 2c.
Ignored: Place of Execution, stored: 1s, 3c. Got 1s, 3c.
Ignored: Planet Dinosaur, stored: 1s, 4c. Got 1s, 4c.
Ignored: Played, stored: 1s, 4c. Got 1s, 4c.
Ignored: Players (2010), stored: 1s, 10c. Got 1s, 10c.
Ignored: Playful Kiss, stored: 2s, 3c. Got 2s, 3c.
Ignored: Playing House, stored: 1s, 10c. Got 1s, 10c.
Ignored: Please like me, stored: 1s, 6c. Got 1s, 6c.
Ignored: Plebs, stored: 1s, 6c. Got 1s, 6c.
Ignored: Plus One, stored: 1s, 1c. Got 1s, 1c.
Ignored: Police Squad, stored: 1s, 5c. Got 1s, 5c.
Ignored: Political Animals, stored: 1s, 6c. Got 1s, 6c.
Ignored: Porterhouse Blue, stored: 1s, 3c. Got 1s, 3c.
Ignored: Portlandia, stored: 4s, 38c. Got 4s, 38c.
Ignored: Power (2014), stored: 1s, 7c. Got 1s, 7c.
Ignored: Pramface, stored: 3s, 19c. Got 3s, 19c.
Ignored: Pretty Little Liars, stored: 5s, 104c. Got 5s, 104c.
Ignored: Prey (UK), stored: 1s, 3c. Got 1s, 3c.
Ignored: Pricatu, stored: 1s, 1c. Got 1s, 1c.
Ignored: Pride and Prejudice, stored: 1s, 4c. Got 1s, 4c.
Ignored: Prime Suspect (US), stored: 1s, 13c. Got 1s, 13c.
Ignored: Primeval, stored: 4s, 24c. Got 4s, 24c.
Ignored: Primeval Webisodes, stored: 1s, 5c. Got 1s, 5c.
Ignored: Primeval: New World, stored: 1s, 13c. Got 1s, 13c.
Ignored: Prison Break, stored: 2s, 28c. Got 2s, 28c.
Ignored: Prisoners Wives, stored: 2s, 10c. Got 2s, 10c.
Ignored: Private Practice, stored: 5s, 101c. Got 5s, 101c.
Ignored: Privileged, stored: 1s, 18c. Got 1s, 18c.
Ignored: Project Runway, stored: 1s, 1c. Got 1s, 1c.
Ignored: Psych, stored: 8s, 116c. Got 8s, 116c.
Ignored: Psychoville, stored: 2s, 14c. Got 2s, 14c.
Ignored: Puberty Blues, stored: 1s, 1c. Got 1s, 1c.
Ignored: Public Enemies, stored: 1s, 3c. Got 1s, 3c.
Ignored: Pulse, stored: 1s, 1c. Got 1s, 1c.
Ignored: Pushing Daisies, stored: 2s, 22c. Got 2s, 22c.
Ignored: Q.I., stored: 1s, 2c. Got 1s, 2c.
Ignored: QI XL, stored: 1s, 2c. Got 1s, 2c.
Ignored: Queer As Folk, stored: 1s, 10c. Got 1s, 10c.
Ignored: Quirke, stored: 1s, 3c. Got 1s, 3c.
Ignored: Raised By Wolves, stored: 1s, 1c. Got 1s, 1c.
Ignored: Raising Hope, stored: 4s, 88c. Got 4s, 88c.
Ignored: Raising The Bar, stored: 2s, 25c. Got 2s, 25c.
Ignored: Rake, stored: 1s, 5c. Got 1s, 5c.
Ignored: Rake US, stored: 1s, 11c. Got 1s, 11c.
Ignored: Ravenswood, stored: 1s, 10c. Got 1s, 10c.
Ignored: Ray Donovan, stored: 2s, 15c. Got 2s, 15c.
Ignored: Real Humans (Äkta Människor), stored: 2s, 15c. Got 2s, 15c.
Ignored: Reaper, stored: 1s, 13c. Got 1s, 13c.
Ignored: Reckless, stored: 1s, 5c. Got 1s, 5c.
Ignored: Rectify, stored: 2s, 12c. Got 2s, 12c.
Ignored: Red Dwarf, stored: 5s, 31c. Got 5s, 31c.
Ignored: Red Riding, stored: 1s, 3c. Got 1s, 3c.
Ignored: Red Widow, stored: 1s, 8c. Got 1s, 8c.
Ignored: Redfern Now, stored: 2s, 12c. Got 2s, 12c.
Ignored: Regular Show, stored: 3s, 18c. Got 3s, 18c.
Ignored: Reign, stored: 1s, 22c. Got 1s, 22c.
Ignored: Related, stored: 1s, 2c. Got 1s, 2c.
Ignored: Remedy, stored: 1s, 10c. Got 1s, 10c.
Ignored: Reno 911!, stored: 1s, 5c. Got 1s, 5c.
Ignored: Republic of Doyle, stored: 4s, 8c. Got 4s, 8c.
Ignored: Rescue Me, stored: 5s, 57c. Got 5s, 57c.
Ignored: Restless, stored: 1s, 2c. Got 1s, 2c.
Ignored: Resurrection (2014), stored: 1s, 8c. Got 1s, 8c.
Ignored: Retired at 35, stored: 2s, 19c. Got 2s, 19c.
Ignored: Return to Cranford, stored: 1s, 2c. Got 1s, 2c.
Ignored: Rev, stored: 3s, 15c. Got 3s, 15c.
Ignored: Revenge, stored: 3s, 67c. Got 3s, 67c.
Ignored: Review, stored: 1s, 9c. Got 1s, 9c.
Ignored: Revolution, stored: 2s, 42c. Got 2s, 42c.
Ignored: Rewind, stored: 1s, 1c. Got 1s, 1c.
Ignored: Rick and Morty, stored: 1s, 11c. Got 1s, 11c.
Ignored: Rick Stein's Spain, stored: 1s, 2c. Got 1s, 2c.
Ignored: Ricky Gervais Out Of England, stored: 1s, 1c. Got 1s, 1c.
Ignored: Ricky Gervais: Out of England 2, stored: 1s, 1c. Got 1s, 1c.
Ignored: Ring of Fire, stored: 1s, 1c. Got 1s, 1c.
Ignored: Ringer, stored: 1s, 22c. Got 1s, 22c.
Ignored: Ripper Street, stored: 2s, 16c. Got 2s, 16c.
Ignored: Rise of the Continents, stored: 1s, 4c. Got 1s, 4c.
Ignored: Riverworld, stored: 1s, 2c. Got 1s, 2c.
Ignored: Rizzoli , stored: 5s, 63c. Got 5s, 63c.
Ignored: Rob!, stored: 1s, 8c. Got 1s, 8c.
Ignored: Robin Hood, stored: 2s, 14c. Got 2s, 14c.
Ignored: Robot Chicken, stored: 5s, 90c. Got 5s, 90c.
Ignored: Rock , stored: 1s, 1c. Got 1s, 1c.
Ignored: Rogue, stored: 2s, 17c. Got 2s, 17c.
Ignored: Romantically Challenged, stored: 1s, 4c. Got 1s, 4c.
Ignored: Romanzo Criminale, stored: 2s, 13c. Got 2s, 13c.
Ignored: Rome, stored: 1s, 3c. Got 1s, 3c.
Ignored: Rookie Blue, stored: 5s, 62c. Got 5s, 62c.
Ignored: Room at the top, stored: 1s, 2c. Got 1s, 2c.
Ignored: Roomates, stored: 1s, 13c. Got 1s, 13c.
Ignored: Rosemary's Baby, stored: 1s, 2c. Got 1s, 2c.
Ignored: Royal Pains, stored: 6s, 82c. Got 6s, 82c.
Ignored: Rubicon, stored: 1s, 13c. Got 1s, 13c.
Ignored: Rules of Engagement, stored: 7s, 100c. Got 7s, 100c.
Ignored: Run, stored: 1s, 4c. Got 1s, 4c.
Ignored: Running Wilde, stored: 1s, 13c. Got 1s, 13c.
Ignored: Rush, stored: 1s, 2c. Got 1s, 2c.
Ignored: Sabrina, la bruja Adolescente, stored: 3s, 32c. Got 3s, 32c.
Ignored: Saint George, stored: 1s, 2c. Got 1s, 2c.
Ignored: Saint Seiya Omega, stored: 1s, 2c. Got 1s, 2c.
Ignored: Saint Seiyah The Lost Canvas, stored: 1s, 3c. Got 1s, 3c.
Ignored: Salamander, stored: 1s, 12c. Got 1s, 12c.
Ignored: Salem, stored: 1s, 14c. Got 1s, 14c.
Ignored: Sam , stored: 1s, 35c. Got 1s, 35c.
Ignored: Samantha Who, stored: 1s, 20c. Got 1s, 20c.
Ignored: Sanctuary, stored: 4s, 57c. Got 4s, 57c.
Ignored: Satisfaction, stored: 1s, 10c. Got 1s, 10c.
Ignored: satisfaction (2013), stored: 1s, 1c. Got 1s, 1c.
Ignored: Satisfaction (US), stored: 1s, 2c. Got 1s, 2c.
Ignored: Saturday Night Live, stored: 6s, 30c. Got 6s, 30c.
Ignored: Save Me, stored: 1s, 7c. Got 1s, 7c.
Ignored: Saving Grace, stored: 3s, 30c. Got 3s, 30c.
Ignored: Saving Hope, stored: 2s, 31c. Got 2s, 31c.
Ignored: Scandal, stored: 3s, 48c. Got 3s, 48c.
Ignored: School 2013, stored: 1s, 1c. Got 1s, 1c.
Ignored: School Pride, stored: 1s, 6c. Got 1s, 6c.
Ignored: Scot Squad, stored: 1s, 1c. Got 1s, 1c.
Ignored: Scott and Bailey , stored: 3s, 22c. Got 3s, 22c.
Ignored: Scoundrels, stored: 1s, 8c. Got 1s, 8c.
Ignored: Scrubs, stored: 6s, 108c. Got 6s, 108c.
Ignored: Scrubs Interns, stored: 1s, 10c. Got 1s, 10c.
Ignored: Sea Patrol, stored: 1s, 5c. Got 1s, 5c.
Ignored: Sean Saves The World, stored: 1s, 13c. Got 1s, 13c.
Ignored: Secret Diary of a Call Girl, stored: 3s, 24c. Got 3s, 24c.
Ignored: Secret Garden, stored: 1s, 1c. Got 1s, 1c.
Ignored: Secret Girlfriend, stored: 1s, 6c. Got 1s, 6c.
Ignored: Secret State, stored: 1s, 4c. Got 1s, 4c.
Ignored: Secrets , stored: 1s, 3c. Got 1s, 3c.
Ignored: Secrets of the Mountain, stored: 1s, 1c. Got 1s, 1c.
Ignored: See Dad Run, stored: 1s, 1c. Got 1s, 1c.
Ignored: Seed, stored: 2s, 4c. Got 2s, 4c.
Ignored: Seinfeld, stored: 1s, 3c. Got 1s, 3c.
Ignored: Serangoon Road, stored: 1s, 10c. Got 1s, 10c.
Ignored: Seven ages of Britain, stored: 1s, 7c. Got 1s, 7c.
Ignored: Sex and the city, stored: 1s, 1c. Got 1s, 1c.
Ignored: Shake It Up!, stored: 1s, 3c. Got 1s, 3c.
Ignored: Shameless, stored: 11s, 139c. Got 11s, 139c.
Ignored: Shameless US, stored: 4s, 48c. Got 4s, 48c.
Ignored: Shattered, stored: 1s, 10c. Got 1s, 10c.
Ignored: Sherlock, stored: 3s, 13c. Got 3s, 13c.
Ignored: Shetland, stored: 2s, 8c. Got 2s, 8c.
Ignored: Shit My Dad Says, stored: 1s, 18c. Got 1s, 18c.
Ignored: Siberia, stored: 1s, 11c. Got 1s, 11c.
Ignored: Signed, Sealed, Delivered, stored: 1s, 11c. Got 1s, 11c.
Ignored: Silent Witness, stored: 3s, 7c. Got 3s, 7c.
Ignored: Silicon Valley, stored: 1s, 9c. Got 1s, 9c.
Ignored: Silk, stored: 3s, 16c. Got 3s, 16c.
Ignored: Sinbad, stored: 1s, 12c. Got 1s, 12c.
Ignored: Single Father, stored: 1s, 4c. Got 1s, 4c.
Ignored: Single Ladies, stored: 1s, 5c. Got 1s, 5c.
Ignored: Single White Spenny, stored: 1s, 8c. Got 1s, 8c.
Ignored: Sirens (2014), stored: 1s, 10c. Got 1s, 10c.
Ignored: Sirens (UK), stored: 1s, 6c. Got 1s, 6c.
Ignored: Sit Down Shut Up, stored: 1s, 4c. Got 1s, 4c.
Ignored: Six feet under, stored: 1s, 1c. Got 1s, 1c.
Ignored: Skins, stored: 7s, 51c. Got 7s, 51c.
Ignored: Skins US, stored: 1s, 10c. Got 1s, 10c.
Ignored: Sleepwalkers, stored: 1s, 1c. Got 1s, 1c.
Ignored: Sleepy Hollow, stored: 1s, 12c. Got 1s, 12c.
Ignored: SLiDE, stored: 1s, 8c. Got 1s, 8c.
Ignored: Slings and Arrows, stored: 1s, 1c. Got 1s, 1c.
Ignored: Slug Terra, stored: 1s, 3c. Got 1s, 3c.
Ignored: Smallville, stored: 3s, 64c. Got 3s, 64c.
Ignored: SMASH, stored: 2s, 31c. Got 2s, 31c.
Ignored: Snowblind, stored: 1s, 1c. Got 1s, 1c.
Ignored: So You Think You Can Dance, stored: 2s, 7c. Got 2s, 7c.
Ignored: Some Girls, stored: 1s, 2c. Got 1s, 2c.
Ignored: Son of the Beach, stored: 1s, 1c. Got 1s, 1c.
Ignored: Sonny with a Chance, stored: 2s, 27c. Got 2s, 27c.
Ignored: Sons of Anarchy, stored: 6s, 79c. Got 6s, 79c.
Ignored: Sons of Tucson, stored: 1s, 14c. Got 1s, 14c.
Ignored: South of Nowhere, stored: 1s, 1c. Got 1s, 1c.
Ignored: South Park, stored: 10s, 89c. Got 10s, 89c.
Ignored: South Riding, stored: 1s, 3c. Got 1s, 3c.
Ignored: Southcliffe, stored: 1s, 4c. Got 1s, 4c.
Ignored: Southland, stored: 5s, 43c. Got 5s, 43c.
Ignored: Spaced, stored: 1s, 7c. Got 1s, 7c.
Ignored: Spartacus: Blood and Sand, stored: 3s, 33c. Got 3s, 33c.
Ignored: Spartacus: Gods of the Arena, stored: 1s, 6c. Got 1s, 6c.
Ignored: Spin City, stored: 1s, 24c. Got 1s, 24c.
Ignored: Spooks, stored: 5s, 31c. Got 5s, 31c.
Ignored: Sports Night, stored: 1s, 7c. Got 1s, 7c.
Ignored: Spun Out, stored: 1s, 1c. Got 1s, 1c.
Ignored: SPY (UK), stored: 2s, 6c. Got 2s, 6c.
Ignored: Star Crossed, stored: 1s, 13c. Got 1s, 13c.
Ignored: Star Trek, stored: 2s, 32c. Got 2s, 32c.
Ignored: Star Trek Continues, stored: 1s, 2c. Got 1s, 2c.
Ignored: Star Trek: The Next Generation, stored: 1s, 3c. Got 1s, 3c.
Ignored: Star Wars The Clone Wars, stored: 6s, 117c. Got 6s, 117c.
Ignored: Stargate Atlantis, stored: 5s, 98c. Got 5s, 98c.
Ignored: Stargate Universe, stored: 2s, 39c. Got 2s, 39c.
Ignored: Starlings, stored: 1s, 8c. Got 1s, 8c.
Ignored: Starter Wife, stored: 2s, 7c. Got 2s, 7c.
Ignored: State Of Georgia, stored: 1s, 12c. Got 1s, 12c.
Ignored: State of Play, stored: 1s, 6c. Got 1s, 6c.
Ignored: Stella (UK), stored: 1s, 2c. Got 1s, 2c.
Ignored: Stephen King's Bag Of Bones, stored: 1s, 2c. Got 1s, 2c.
Ignored: Steve Jobs: One Last Thing, stored: 1s, 1c. Got 1s, 1c.
Ignored: Steven Seagal: Lawman, stored: 2s, 20c. Got 2s, 20c.
Ignored: Still Open All Hours, stored: 1s, 1c. Got 1s, 1c.
Ignored: Stolen, stored: 1s, 1c. Got 1s, 1c.
Ignored: Strike Back, stored: 4s, 35c. Got 4s, 35c.
Ignored: Suburban Shootout, stored: 1s, 3c. Got 1s, 3c.
Ignored: Suburgatory, stored: 3s, 57c. Got 3s, 57c.
Ignored: Sugartown, stored: 1s, 1c. Got 1s, 1c.
Ignored: Suits, stored: 4s, 51c. Got 4s, 51c.
Ignored: Sullivan and Son, stored: 3s, 26c. Got 3s, 26c.
Ignored: Summer Heights High, stored: 1s, 3c. Got 1s, 3c.
Ignored: Super Fun Night, stored: 1s, 17c. Got 1s, 17c.
Ignored: Super Smart Animals, stored: 1s, 2c. Got 1s, 2c.
Ignored: Superjail!, stored: 2s, 20c. Got 2s, 20c.
Ignored: Supernatural, stored: 9s, 195c. Got 9s, 195c.
Ignored: Surviving Jack, stored: 1s, 7c. Got 1s, 7c.
Ignored: Surviving Suburbia, stored: 1s, 2c. Got 1s, 2c.
Ignored: Survivor, stored: 13s, 124c. Got 13s, 124c.
Ignored: Survivor China, stored: 1s, 15c. Got 1s, 15c.
Ignored: Survivor Samoa, stored: 1s, 16c. Got 1s, 16c.
Ignored: Survivor The Amazon, stored: 1s, 8c. Got 1s, 8c.
Ignored: Survivors 2008, stored: 2s, 12c. Got 2s, 12c.
Ignored: Suspects, stored: 1s, 5c. Got 1s, 5c.
Ignored: Svetlana, stored: 2s, 7c. Got 2s, 7c.
Ignored: Swingtown, stored: 1s, 12c. Got 1s, 12c.
Ignored: Switch, stored: 1s, 2c. Got 1s, 2c.
Ignored: Switched At Birth, stored: 3s, 69c. Got 3s, 69c.
Ignored: Sym Bionic Titan, stored: 1s, 20c. Got 1s, 20c.
Ignored: Takin' Over The Asylum, stored: 1s, 1c. Got 1s, 1c.
Ignored: Talking Dead, stored: 1s, 1c. Got 1s, 1c.
Ignored: Talking to Heaven, stored: 1s, 3c. Got 1s, 3c.
Ignored: Taxi Brooklyn, stored: 1s, 5c. Got 1s, 5c.
Ignored: Teen Titans GO, stored: 1s, 2c. Got 1s, 2c.
Ignored: Teen Wolf , stored: 4s, 56c. Got 4s, 56c.
Ignored: Teenage Mutant Ninja Turtles (2012), stored: 1s, 8c. Got 1s, 8c.
Ignored: Terminator The Sarah Connor Chronicles, stored: 1s, 22c. Got 1s, 22c.
Ignored: Terra Nova, stored: 1s, 11c. Got 1s, 11c.
Ignored: Terriers, stored: 1s, 13c. Got 1s, 13c.
Ignored: Terry Pratchett: Choosing to Die, stored: 1s, 1c. Got 1s, 1c.
Ignored: Testees, stored: 1s, 13c. Got 1s, 13c.
Ignored: That 70s Show, stored: 6s, 67c. Got 6s, 67c.
Ignored: The 100, stored: 1s, 13c. Got 1s, 13c.
Ignored: The 62nd Annual Primetime Emmy Awards, stored: 1s, 1c. Got 1s, 1c.
Ignored: The 7.39, stored: 1s, 2c. Got 1s, 2c.
Ignored: The Adventures of Pete , stored: 1s, 1c. Got 1s, 1c.
Ignored: The adventures of Tintin, stored: 1s, 1c. Got 1s, 1c.
Ignored: The after, stored: 1s, 1c. Got 1s, 1c.
Ignored: The Amazing Race, stored: 18s, 175c. Got 18s, 175c.
Ignored: The Americans, stored: 2s, 26c. Got 2s, 26c.
Ignored: The Andromeda Strain, stored: 1s, 2c. Got 1s, 2c.
Ignored: The Annual Primetime Emmy Awards, stored: 1s, 1c. Got 1s, 1c.
Ignored: The Apprentice, stored: 3s, 9c. Got 3s, 9c.
Ignored: The Assets, stored: 1s, 6c. Got 1s, 6c.
Ignored: The Beast, stored: 1s, 13c. Got 1s, 13c.
Ignored: The Beautiful Life, stored: 1s, 2c. Got 1s, 2c.
Ignored: The Best Laid Plans, stored: 1s, 1c. Got 1s, 1c.
Ignored: The Bible, stored: 1s, 7c. Got 1s, 7c.
Ignored: The Big Bang Theory, stored: 7s, 162c. Got 7s, 162c.
Ignored: The Big C, stored: 4s, 40c. Got 4s, 40c.
Ignored: The Black Donnellys, stored: 1s, 2c. Got 1s, 2c.
Ignored: The Blacklist, stored: 1s, 22c. Got 1s, 22c.
Ignored: The Bleak Old Shop of Stuff, stored: 1s, 4c. Got 1s, 4c.
Ignored: The Bletchley Circle, stored: 2s, 7c. Got 2s, 7c.
Ignored: The Body Farm, stored: 1s, 6c. Got 1s, 6c.
Ignored: The Boondocks, stored: 2s, 6c. Got 2s, 6c.
Ignored: The Borgias, stored: 3s, 28c. Got 3s, 28c.
Ignored: The Brain: A Secret History, stored: 1s, 2c. Got 1s, 2c.
Ignored: The Bridge, stored: 1s, 12c. Got 1s, 12c.
Ignored: The Bridge (US), stored: 2s, 17c. Got 2s, 17c.
Ignored: The Burrowers, stored: 1s, 1c. Got 1s, 1c.
Ignored: The Cape, stored: 1s, 10c. Got 1s, 10c.
Ignored: The Carrie Diaries, stored: 2s, 26c. Got 2s, 26c.
Ignored: The Catherine Tate Show, stored: 1s, 6c. Got 1s, 6c.
Ignored: The Challenger, stored: 1s, 1c. Got 1s, 1c.
Ignored: The Chicago Code, stored: 1s, 13c. Got 1s, 13c.
Ignored: The Cleaner, stored: 2s, 18c. Got 2s, 18c.
Ignored: The Cleveland Show, stored: 4s, 88c. Got 4s, 88c.
Ignored: The Client List, stored: 2s, 25c. Got 2s, 25c.
Ignored: The Closer, stored: 5s, 56c. Got 5s, 56c.
Ignored: The Code, stored: 1s, 3c. Got 1s, 3c.
Ignored: The Colony, stored: 1s, 6c. Got 1s, 6c.
Ignored: The Confession, stored: 1s, 10c. Got 1s, 10c.
Ignored: The Crash, stored: 1s, 2c. Got 1s, 2c.
Ignored: The Crazy Ones, stored: 1s, 22c. Got 1s, 22c.
Ignored: The Crimson Field, stored: 1s, 3c. Got 1s, 3c.
Ignored: The Crimson Petal And The White, stored: 1s, 4c. Got 1s, 4c.
Ignored: The Day of the Triffids 2009, stored: 1s, 2c. Got 1s, 2c.
Ignored: The Deep (2010), stored: 1s, 5c. Got 1s, 5c.
Ignored: The Deep End, stored: 1s, 6c. Got 1s, 6c.
Ignored: The Defenders, stored: 1s, 18c. Got 1s, 18c.
Ignored: The Devils Whore, stored: 1s, 4c. Got 1s, 4c.
Ignored: The Diary of Anne Frank, stored: 1s, 5c. Got 1s, 5c.
Ignored: The Divide, stored: 1s, 2c. Got 1s, 2c.
Ignored: The Doctor Blake Mysteries, stored: 2s, 14c. Got 2s, 14c.
Ignored: The Drawn Together, stored: 1s, 1c. Got 1s, 1c.
Ignored: The Escape Artist, stored: 1s, 3c. Got 1s, 3c.
Ignored: The Event, stored: 1s, 22c. Got 1s, 22c.
Ignored: The Ex List, stored: 1s, 4c. Got 1s, 4c.
Ignored: The Exes, stored: 3s, 42c. Got 3s, 42c.
Ignored: The Fabric of Cosmos, stored: 1s, 4c. Got 1s, 4c.
Ignored: The Fades, stored: 1s, 6c. Got 1s, 6c.
Ignored: The Fall, stored: 1s, 5c. Got 1s, 5c.
Ignored: The Fear, stored: 1s, 4c. Got 1s, 4c.
Ignored: The Field of Blood, stored: 2s, 4c. Got 2s, 4c.
Ignored: The Finder, stored: 1s, 13c. Got 1s, 13c.
Ignored: The Firm, stored: 1s, 21c. Got 1s, 21c.
Ignored: The First Men on the Moon, stored: 1s, 1c. Got 1s, 1c.
Ignored: The Fixer, stored: 1s, 6c. Got 1s, 6c.
Ignored: The Flash 2014, stored: 1s, 1c. Got 1s, 1c.
Ignored: The Following, stored: 2s, 32c. Got 2s, 32c.
Ignored: The Forgotten, stored: 1s, 17c. Got 1s, 17c.
Ignored: The fosters, stored: 2s, 33c. Got 2s, 33c.
Ignored: The Fresh Prince of Bel Air, stored: 2s, 21c. Got 2s, 21c.
Ignored: The Gates, stored: 1s, 13c. Got 1s, 13c.
Ignored: The genius of Beethoven, stored: 2s, 5c. Got 2s, 5c.
Ignored: The Girls Guide to Depravity, stored: 1s, 13c. Got 1s, 13c.
Ignored: The Glades, stored: 4s, 49c. Got 4s, 49c.
Ignored: The Glee Project, stored: 2s, 23c. Got 2s, 23c.
Ignored: The Gods of Wheat Street, stored: 1s, 2c. Got 1s, 2c.
Ignored: The Goldbergs (2013), stored: 1s, 23c. Got 1s, 23c.
Ignored: The Good Guys, stored: 1s, 20c. Got 1s, 20c.
Ignored: The Good Wife, stored: 5s, 112c. Got 5s, 112c.
Ignored: The Goode Family, stored: 1s, 3c. Got 1s, 3c.
Ignored: The Goodwin Games, stored: 1s, 7c. Got 1s, 7c.
Ignored: The Great Escape, stored: 1s, 1c. Got 1s, 1c.
Ignored: The Great Train Robbery, stored: 1s, 2c. Got 1s, 2c.
Ignored: The Guild, stored: 2s, 4c. Got 2s, 4c.
Ignored: The Guilty, stored: 1s, 3c. Got 1s, 3c.
Ignored: The Hard Times Of RJ Berger, stored: 2s, 24c. Got 2s, 24c.
Ignored: the hero 2013, stored: 1s, 1c. Got 1s, 1c.
Ignored: The Hills, stored: 5s, 35c. Got 5s, 35c.
Ignored: The Hollow Crown, stored: 1s, 4c. Got 1s, 4c.
Ignored: The Honourable Woman, stored: 1s, 4c. Got 1s, 4c.
Ignored: The Hour, stored: 2s, 12c. Got 2s, 12c.
Ignored: The Human Face, stored: 1s, 2c. Got 1s, 2c.
Ignored: The Inbetweeners, stored: 3s, 18c. Got 3s, 18c.
Ignored: The Inbetweeners (US), stored: 1s, 12c. Got 1s, 12c.
Ignored: The Increasingly Poor Decisions of Todd Margaret, stored: 2s, 8c. Got 2s, 8c.
Ignored: The IT Crowd, stored: 5s, 27c. Got 5s, 27c.
Ignored: The Jeff Dunham Show, stored: 1s, 5c. Got 1s, 5c.
Ignored: The Jensen Project, stored: 1s, 1c. Got 1s, 1c.
Ignored: The Job Lot, stored: 1s, 6c. Got 1s, 6c.
Ignored: The Jury (UK 2011), stored: 1s, 5c. Got 1s, 5c.
Ignored: The Kennedys, stored: 1s, 8c. Got 1s, 8c.
Ignored: The Key of Awesome, stored: 1s, 1c. Got 1s, 1c.
Ignored: The Killing, stored: 3s, 34c. Got 3s, 34c.
Ignored: The King Of Queens, stored: 1s, 1c. Got 1s, 1c.
Ignored: The L Word, stored: 1s, 8c. Got 1s, 8c.
Ignored: The L.A. Complex, stored: 1s, 1c. Got 1s, 1c.
Ignored: The Lady Vanishes, stored: 1s, 1c. Got 1s, 1c.
Ignored: The Larry Sanders Show, stored: 6s, 90c. Got 6s, 90c.
Ignored: The Last Enemy, stored: 1s, 5c. Got 1s, 5c.
Ignored: The Last Ship, stored: 1s, 6c. Got 1s, 6c.
Ignored: The Last Templar, stored: 1s, 2c. Got 1s, 2c.
Ignored: The Last Weekend, stored: 1s, 3c. Got 1s, 3c.
Ignored: The League, stored: 5s, 58c. Got 5s, 58c.
Ignored: The League of Gentlemen, stored: 3s, 20c. Got 3s, 20c.
Ignored: The Leftovers, stored: 1s, 6c. Got 1s, 6c.
Ignored: The Legend of Korra, stored: 3s, 30c. Got 3s, 30c.
Ignored: The Life , stored: 3s, 22c. Got 3s, 22c.
Ignored: The Listener, stored: 5s, 62c. Got 5s, 62c.
Ignored: The Little House, stored: 1s, 2c. Got 1s, 2c.
Ignored: The Lone Gunmen, stored: 1s, 2c. Got 1s, 2c.
Ignored: The Looney Tunes Show (2011), stored: 1s, 4c. Got 1s, 4c.
Ignored: The Loop, stored: 2s, 10c. Got 2s, 10c.
Ignored: The Lost Room, stored: 1s, 6c. Got 1s, 6c.
Ignored: The Lottery (2014), stored: 1s, 2c. Got 1s, 2c.
Ignored: The Lying Game , stored: 2s, 30c. Got 2s, 30c.
Ignored: The Marriage Ref, stored: 1s, 7c. Got 1s, 7c.
Ignored: The Maxx, stored: 1s, 2c. Got 1s, 2c.
Ignored: The men who built America, stored: 1s, 1c. Got 1s, 1c.
Ignored: The Mentalist, stored: 6s, 137c. Got 6s, 137c.
Ignored: The Michael J. Fox Show, stored: 1s, 15c. Got 1s, 15c.
Ignored: The Middle, stored: 5s, 118c. Got 5s, 118c.
Ignored: The Midnight Beast, stored: 2s, 6c. Got 2s, 6c.
Ignored: The Mighty Boosh, stored: 3s, 22c. Got 3s, 22c.
Ignored: The Mill, stored: 2s, 6c. Got 2s, 6c.
Ignored: The Millers, stored: 1s, 23c. Got 1s, 23c.
Ignored: The Mimic, stored: 2s, 7c. Got 2s, 7c.
Ignored: The Mindy Project, stored: 2s, 46c. Got 2s, 46c.
Ignored: The Moaning of Life, stored: 1s, 3c. Got 1s, 3c.
Ignored: The Mob Doctor, stored: 1s, 13c. Got 1s, 13c.
Ignored: The Musketeers, stored: 1s, 10c. Got 1s, 10c.
Ignored: The Mystery Of A Hansom Cab, stored: 1s, 1c. Got 1s, 1c.
Ignored: The Mystery of Edwin Drood, stored: 1s, 2c. Got 1s, 2c.
Ignored: The Naked Chef, stored: 2s, 10c. Got 2s, 10c.
Ignored: The Nativity, stored: 1s, 4c. Got 1s, 4c.
Ignored: The Neighbors, stored: 2s, 44c. Got 2s, 44c.
Ignored: The New Adventures of Old Christine, stored: 3s, 41c. Got 3s, 41c.
Ignored: The New Normal, stored: 1s, 23c. Got 1s, 23c.
Ignored: The Newsroom (2012), stored: 2s, 19c. Got 2s, 19c.
Ignored: The Night Shift, stored: 1s, 8c. Got 1s, 8c.
Ignored: The Nine, stored: 1s, 3c. Got 1s, 3c.
Ignored: The nine lives of Chloe King, stored: 1s, 10c. Got 1s, 10c.
Ignored: The No 1 Ladies Detective Agency, stored: 1s, 7c. Got 1s, 7c.
Ignored: The Normal Heart, stored: 1s, 1c. Got 1s, 1c.
Ignored: The O.C., stored: 1s, 3c. Got 1s, 3c.
Ignored: The Office, stored: 6s, 123c. Got 6s, 123c.
Ignored: The Office (UK), stored: 1s, 1c. Got 1s, 1c.
Ignored: The Originals, stored: 1s, 23c. Got 1s, 23c.
Ignored: The Outer Limits, stored: 2s, 8c. Got 2s, 8c.
Ignored: The Outlaw Michael Howe, stored: 1s, 1c. Got 1s, 1c.
Ignored: The Pacific, stored: 1s, 10c. Got 1s, 10c.
Ignored: The Paradise, stored: 2s, 16c. Got 2s, 16c.
Ignored: The Paul Reiser Show, stored: 1s, 2c. Got 1s, 2c.
Ignored: The Penguins of Madagascar, stored: 2s, 66c. Got 2s, 66c.
Ignored: The Phantom, stored: 1s, 2c. Got 1s, 2c.
Ignored: The Philanthropist, stored: 1s, 8c. Got 1s, 8c.
Ignored: The Pillars of the Earth, stored: 1s, 7c. Got 1s, 7c.
Ignored: The Playboy Club, stored: 1s, 3c. Got 1s, 3c.
Ignored: The Poison Tree, stored: 1s, 1c. Got 1s, 1c.
Ignored: The Politician's Husband, stored: 1s, 3c. Got 1s, 3c.
Ignored: The Practice, stored: 1s, 1c. Got 1s, 1c.
Ignored: The Pranker, stored: 1s, 1c. Got 1s, 1c.
Ignored: The Pretender, stored: 4s, 81c. Got 4s, 81c.
Ignored: The Prisoner (1967), stored: 1s, 17c. Got 1s, 17c.
Ignored: The Prisoner (2009), stored: 1s, 6c. Got 1s, 6c.
Ignored: The Promise, stored: 1s, 4c. Got 1s, 4c.
Ignored: The Protector, stored: 1s, 13c. Got 1s, 13c.
Ignored: The Real Housewives of D.C., stored: 1s, 1c. Got 1s, 1c.
Ignored: The real L word, stored: 3s, 27c. Got 3s, 27c.
Ignored: The Rebels, stored: 1s, 1c. Got 1s, 1c.
Ignored: The Reckoning, stored: 1s, 2c. Got 1s, 2c.
Ignored: The Red Road, stored: 1s, 6c. Got 1s, 6c.
Ignored: The Ricky Gervais Show, stored: 3s, 39c. Got 3s, 39c.
Ignored: The River, stored: 1s, 7c. Got 1s, 7c.
Ignored: The Royal Bodyguard, stored: 1s, 1c. Got 1s, 1c.
Ignored: The Sarah Jane Adventures, stored: 5s, 53c. Got 5s, 53c.
Ignored: The Sarah Jane Alien Files, stored: 1s, 6c. Got 1s, 6c.
Ignored: The Sarah Silverman Program, stored: 3s, 30c. Got 3s, 30c.
Ignored: The Second Coming, stored: 1s, 2c. Got 1s, 2c.
Ignored: The Secret Circle, stored: 1s, 22c. Got 1s, 22c.
Ignored: The Secret Life of the American Teenager, stored: 5s, 120c. Got 5s, 120c.
Ignored: The Secret of Crickley Hall, stored: 1s, 3c. Got 1s, 3c.
Ignored: The Security Men, stored: 1s, 1c. Got 1s, 1c.
Ignored: The Shadow Line, stored: 1s, 7c. Got 1s, 7c.
Ignored: The Shield, stored: 2s, 26c. Got 2s, 26c.
Ignored: The Silence, stored: 1s, 4c. Got 1s, 4c.
Ignored: The Simpsons, stored: 6s, 133c. Got 6s, 133c.
Ignored: The Slap, stored: 1s, 8c. Got 1s, 8c.
Ignored: The Smoke, stored: 1s, 3c. Got 1s, 3c.
Ignored: The Sopranos, stored: 2s, 8c. Got 2s, 8c.
Ignored: The Soul Man, stored: 1s, 12c. Got 1s, 12c.
Ignored: The Sound and The Fury: A Century of Modern Music, stored: 1s, 3c. Got 1s, 3c.
Ignored: The Spectacular Spiderman, stored: 1s, 1c. Got 1s, 1c.
Ignored: The Spies Of Warsaw, stored: 1s, 2c. Got 1s, 2c.
Ignored: The Spoils of Babylon, stored: 1s, 6c. Got 1s, 6c.
Ignored: The State Within, stored: 1s, 6c. Got 1s, 6c.
Ignored: The Storm, stored: 1s, 2c. Got 1s, 2c.
Ignored: The Story of Science, stored: 1s, 6c. Got 1s, 6c.
Ignored: The Strain, stored: 1s, 3c. Got 1s, 3c.
Ignored: The Straits, stored: 1s, 1c. Got 1s, 1c.
Ignored: The Suspicions of Mr Whicher, stored: 1s, 1c. Got 1s, 1c.
Ignored: The Syndicate, stored: 2s, 11c. Got 2s, 11c.
Ignored: The Thick of It, stored: 4s, 20c. Got 4s, 20c.
Ignored: The Thin Blue Line, stored: 1s, 1c. Got 1s, 1c.
Ignored: The Tick, stored: 1s, 1c. Got 1s, 1c.
Ignored: The Tomorrow People (US), stored: 1s, 22c. Got 1s, 22c.
Ignored: The Town, stored: 1s, 3c. Got 1s, 3c.
Ignored: The Trip, stored: 1s, 3c. Got 1s, 3c.
Ignored: The Tudors, stored: 3s, 19c. Got 3s, 19c.
Ignored: The Tunnel, stored: 1s, 10c. Got 1s, 10c.
Ignored: The Twilight Zone, stored: 1s, 1c. Got 1s, 1c.
Ignored: The Unit, stored: 2s, 23c. Got 2s, 23c.
Ignored: The universe, stored: 6s, 18c. Got 6s, 18c.
Ignored: The Unusuals, stored: 1s, 10c. Got 1s, 10c.
Ignored: The Vampire Diaries, stored: 5s, 111c. Got 5s, 111c.
Ignored: The Village, stored: 1s, 6c. Got 1s, 6c.
Ignored: The vineyard, stored: 1s, 1c. Got 1s, 1c.
Ignored: The voice, stored: 5s, 31c. Got 5s, 31c.
Ignored: The Walking Dead, stored: 4s, 53c. Got 4s, 53c.
Ignored: The West Wing, stored: 1s, 1c. Got 1s, 1c.
Ignored: The Whale (2013), stored: 1s, 1c. Got 1s, 1c.
Ignored: The White Queen, stored: 1s, 10c. Got 1s, 10c.
Ignored: The Whole Truth, stored: 1s, 6c. Got 1s, 6c.
Ignored: The Widower, stored: 1s, 1c. Got 1s, 1c.
Ignored: The Wipers Times, stored: 1s, 1c. Got 1s, 1c.
Ignored: The Wire, stored: 4s, 30c. Got 4s, 30c.
Ignored: The Wright Way, stored: 1s, 1c. Got 1s, 1c.
Ignored: The Writers' Room, stored: 1s, 5c. Got 1s, 5c.
Ignored: The Wrong Mans, stored: 1s, 6c. Got 1s, 6c.
Ignored: The X Factor US, stored: 2s, 11c. Got 2s, 11c.
Ignored: The Yard, stored: 1s, 1c. Got 1s, 1c.
Ignored: The Young Indiana Jones Chronicles, stored: 1s, 3c. Got 1s, 3c.
Ignored: Thirteen Steps Down, stored: 1s, 2c. Got 1s, 2c.
Ignored: This Is England 86, stored: 2s, 7c. Got 2s, 7c.
Ignored: This is Jinsy, stored: 1s, 1c. Got 1s, 1c.
Ignored: Thor , stored: 1s, 4c. Got 1s, 4c.
Ignored: Thorne, stored: 1s, 6c. Got 1s, 6c.
Ignored: Those Who Can't, stored: 1s, 1c. Got 1s, 1c.
Ignored: Those Who kill, stored: 1s, 10c. Got 1s, 10c.
Ignored: Three Inches, stored: 1s, 1c. Got 1s, 1c.
Ignored: Three Rivers, stored: 1s, 13c. Got 1s, 13c.
Ignored: Threesome, stored: 1s, 6c. Got 1s, 6c.
Ignored: Through The Wormhole, stored: 5s, 48c. Got 5s, 48c.
Ignored: Thundercats, stored: 1s, 25c. Got 1s, 25c.
Ignored: Til Death, stored: 2s, 23c. Got 2s, 23c.
Ignored: TILT, stored: 1s, 1c. Got 1s, 1c.
Ignored: Tim's Vermeer, stored: 1s, 1c. Got 1s, 1c.
Ignored: Tími nornarinnar, stored: 1s, 4c. Got 1s, 4c.
Ignored: Tipping the Velvet, stored: 1s, 3c. Got 1s, 3c.
Ignored: Titanic (2012), stored: 1s, 4c. Got 1s, 4c.
Ignored: Titanic: Blood and Steel, stored: 1s, 12c. Got 1s, 12c.
Ignored: Titus, stored: 2s, 14c. Got 2s, 14c.
Ignored: Toast of London, stored: 1s, 6c. Got 1s, 6c.
Ignored: Todd , stored: 2s, 26c. Got 2s, 26c.
Ignored: Top Boy, stored: 2s, 6c. Got 2s, 6c.
Ignored: Top Chef, stored: 2s, 17c. Got 2s, 17c.
Ignored: Top Chef: Just deserts, stored: 1s, 10c. Got 1s, 10c.
Ignored: Top Gear, stored: 16s, 104c. Got 16s, 104c.
Ignored: Top Gear US, stored: 4s, 20c. Got 4s, 20c.
Ignored: Top of the Lake, stored: 1s, 7c. Got 1s, 7c.
Ignored: Top Shot, stored: 2s, 3c. Got 2s, 3c.
Ignored: Torchwood, stored: 3s, 19c. Got 3s, 19c.
Ignored: Total Drama Island, stored: 1s, 1c. Got 1s, 1c.
Ignored: Touch, stored: 2s, 26c. Got 2s, 26c.
Ignored: Tower Prep, stored: 1s, 13c. Got 1s, 13c.
Ignored: Traffic Light, stored: 1s, 13c. Got 1s, 13c.
Ignored: Trailer Park Boys, stored: 3s, 15c. Got 3s, 15c.
Ignored: Transformers Prime, stored: 2s, 3c. Got 2s, 3c.
Ignored: Transparent, stored: 1s, 1c. Got 1s, 1c.
Ignored: Transporter: The Series, stored: 1s, 10c. Got 1s, 10c.
Ignored: Trauma, stored: 1s, 18c. Got 1s, 18c.
Ignored: Treasure Island , stored: 1s, 2c. Got 1s, 2c.
Ignored: Treme, stored: 4s, 36c. Got 4s, 36c.
Ignored: Trinity, stored: 1s, 8c. Got 1s, 8c.
Ignored: Tron: Uprising, stored: 1s, 19c. Got 1s, 19c.
Ignored: Trophy Wife, stored: 1s, 22c. Got 1s, 22c.
Ignored: Tru Calling, stored: 2s, 4c. Got 2s, 4c.
Ignored: Truckers, stored: 1s, 5c. Got 1s, 5c.
Ignored: True Blood, stored: 7s, 78c. Got 7s, 78c.
Ignored: true blood minisodes, stored: 1s, 5c. Got 1s, 5c.
Ignored: True Detective, stored: 1s, 9c. Got 1s, 9c.
Ignored: True Justice, stored: 1s, 1c. Got 1s, 1c.
Ignored: True Love, stored: 1s, 5c. Got 1s, 5c.
Ignored: Trust Me, stored: 1s, 13c. Got 1s, 13c.
Ignored: Turn, stored: 1s, 10c. Got 1s, 10c.
Ignored: Twenty Twelve, stored: 1s, 2c. Got 1s, 2c.
Ignored: Twisted, stored: 1s, 20c. Got 1s, 20c.
Ignored: Two And a Half Men, stored: 11s, 206c. Got 11s, 206c.
Ignored: Two guys and a girl, stored: 1s, 6c. Got 1s, 6c.
Ignored: Tyrant, stored: 1s, 6c. Got 1s, 6c.
Ignored: Ugly Americans, stored: 2s, 31c. Got 2s, 31c.
Ignored: Ugly Betty, stored: 3s, 47c. Got 3s, 47c.
Ignored: Ultimate Fighter, stored: 1s, 3c. Got 1s, 3c.
Ignored: Ultimate Spiderman 2012, stored: 2s, 41c. Got 2s, 41c.
Ignored: Ultraviolet, stored: 1s, 6c. Got 1s, 6c.
Ignored: Uncle, stored: 1s, 6c. Got 1s, 6c.
Ignored: Undateable, stored: 1s, 13c. Got 1s, 13c.
Ignored: Undeclared, stored: 1s, 17c. Got 1s, 17c.
Ignored: Undeniable, stored: 1s, 2c. Got 1s, 2c.
Ignored: Under the Dome, stored: 2s, 19c. Got 2s, 19c.
Ignored: Underbelly, stored: 3s, 37c. Got 3s, 37c.
Ignored: Undercover Boss, stored: 3s, 12c. Got 3s, 12c.
Ignored: Undercovers, stored: 1s, 11c. Got 1s, 11c.
Ignored: Underemployed, stored: 1s, 7c. Got 1s, 7c.
Ignored: Unforgettable, stored: 3s, 40c. Got 3s, 40c.
Ignored: United, stored: 1s, 1c. Got 1s, 1c.
Ignored: United States of Tara, stored: 3s, 36c. Got 3s, 36c.
Ignored: Unnatural History, stored: 1s, 13c. Got 1s, 13c.
Ignored: Ünsere Mutter, ünsere Väter, stored: 1s, 3c. Got 1s, 3c.
Ignored: Unsupervised, stored: 1s, 2c. Got 1s, 2c.
Ignored: Up All Night, stored: 2s, 35c. Got 2s, 35c.
Ignored: Up The Women, stored: 1s, 3c. Got 1s, 3c.
Ignored: Upstairs, Downstairs, stored: 2s, 9c. Got 2s, 9c.
Ignored: Utopia, stored: 2s, 10c. Got 2s, 10c.
Ignored: V (2009), stored: 2s, 23c. Got 2s, 23c.
Ignored: Valentine, stored: 1s, 4c. Got 1s, 4c.
Ignored: Veep, stored: 3s, 28c. Got 3s, 28c.
Ignored: Vegas, stored: 1s, 21c. Got 1s, 21c.
Ignored: Vera, stored: 4s, 12c. Got 4s, 12c.
Ignored: Veronica Mars, stored: 1s, 1c. Got 1s, 1c.
Ignored: Vexed, stored: 2s, 9c. Got 2s, 9c.
Ignored: Vice, stored: 2s, 12c. Got 2s, 12c.
Ignored: Vicious, stored: 1s, 7c. Got 1s, 7c.
Ignored: Victorious, stored: 1s, 10c. Got 1s, 10c.
Ignored: Video Game High School, stored: 2s, 11c. Got 2s, 11c.
Ignored: Vikings, stored: 2s, 19c. Got 2s, 19c.
Ignored: Vikingshill, stored: 1s, 8c. Got 1s, 8c.
Ignored: Virtuality, stored: 1s, 1c. Got 1s, 1c.
Ignored: Viva Blackpool, stored: 1s, 6c. Got 1s, 6c.
Ignored: W1A, stored: 1s, 1c. Got 1s, 1c.
Ignored: Waking the Dead , stored: 2s, 3c. Got 2s, 3c.
Ignored: Wallander, stored: 3s, 9c. Got 3s, 9c.
Ignored: Warehouse 13, stored: 5s, 63c. Got 5s, 63c.
Ignored: Waterloo Road, stored: 1s, 1c. Got 1s, 1c.
Ignored: Way To Go, stored: 1s, 6c. Got 1s, 6c.
Ignored: We Are Legion 2012, stored: 1s, 1c. Got 1s, 1c.
Ignored: We Are Men, stored: 1s, 2c. Got 1s, 2c.
Ignored: Web Therapy, stored: 3s, 26c. Got 3s, 26c.
Ignored: Wedding Band, stored: 1s, 2c. Got 1s, 2c.
Ignored: Weeds, stored: 6s, 74c. Got 6s, 74c.
Ignored: Welcome To Sweden, stored: 1s, 3c. Got 1s, 3c.
Ignored: Welcome to the Family, stored: 1s, 3c. Got 1s, 3c.
Ignored: Wentworth, stored: 1s, 10c. Got 1s, 10c.
Ignored: West , stored: 1s, 1c. Got 1s, 1c.
Ignored: What I Like About You, stored: 1s, 6c. Got 1s, 6c.
Ignored: What Remains, stored: 1s, 4c. Got 1s, 4c.
Ignored: Wheeler Dealers, stored: 3s, 5c. Got 3s, 5c.
Ignored: When Calls the Heart, stored: 1s, 1c. Got 1s, 1c.
Ignored: White Collar, stored: 5s, 75c. Got 5s, 75c.
Ignored: White Heat, stored: 1s, 6c. Got 1s, 6c.
Ignored: White Van Man, stored: 1s, 4c. Got 1s, 4c.
Ignored: Whitechapel, stored: 4s, 18c. Got 4s, 18c.
Ignored: Whitney, stored: 2s, 38c. Got 2s, 38c.
Ignored: Who do you think you are?, stored: 2s, 4c. Got 2s, 4c.
Ignored: Whose line is it anyway, stored: 3s, 19c. Got 3s, 19c.
Ignored: Wild Boys, stored: 1s, 8c. Got 1s, 8c.
Ignored: Wildfire, stored: 1s, 1c. Got 1s, 1c.
Ignored: Wilfred (US), stored: 4s, 46c. Got 4s, 46c.
Ignored: Will And Grace, stored: 5s, 74c. Got 5s, 74c.
Ignored: William Shatner’s The Captains, stored: 1s, 1c. Got 1s, 1c.
Ignored: Wire in the blood, stored: 1s, 4c. Got 1s, 4c.
Ignored: Wired, stored: 1s, 2c. Got 1s, 2c.
Ignored: Witchblade, stored: 2s, 13c. Got 2s, 13c.
Ignored: Witches of East End, stored: 2s, 14c. Got 2s, 14c.
Ignored: Without a Trace, stored: 1s, 24c. Got 1s, 24c.
Ignored: Without you, stored: 1s, 1c. Got 1s, 1c.
Ignored: Wizards Of Waverly Place, stored: 4s, 63c. Got 4s, 63c.
Ignored: Women In Love, stored: 1s, 2c. Got 1s, 2c.
Ignored: Wonderland, stored: 1s, 13c. Got 1s, 13c.
Ignored: Wonders Of Life, stored: 1s, 1c. Got 1s, 1c.
Ignored: Wonders of the solar system, stored: 1s, 5c. Got 1s, 5c.
Ignored: Wonders of the Universe, stored: 1s, 4c. Got 1s, 4c.
Ignored: Work It, stored: 1s, 2c. Got 1s, 2c.
Ignored: Workaholics, stored: 4s, 37c. Got 4s, 37c.
Ignored: Working Class, stored: 1s, 6c. Got 1s, 6c.
Ignored: Working The Engels, stored: 1s, 2c. Got 1s, 2c.
Ignored: World Without End, stored: 1s, 8c. Got 1s, 8c.
Ignored: Worst Week, stored: 1s, 16c. Got 1s, 16c.
Ignored: WPC 56, stored: 1s, 1c. Got 1s, 1c.
Ignored: WWII In HD, stored: 1s, 10c. Got 1s, 10c.
Ignored: XIII: The Series, stored: 2s, 16c. Got 2s, 16c.
Ignored: Yonderland, stored: 1s, 8c. Got 1s, 8c.
Ignored: You're the Worst, stored: 1s, 2c. Got 1s, 2c.
Ignored: Young , stored: 1s, 5c. Got 1s, 5c.
Ignored: Young Herriot, stored: 1s, 3c. Got 1s, 3c.
Ignored: Young Justice, stored: 2s, 45c. Got 2s, 45c.
Ignored: Youngers, stored: 1s, 1c. Got 1s, 1c.
Ignored: Zen, stored: 1s, 3c. Got 1s, 3c.
Ignored: Zenith , stored: 1s, 3c. Got 1s, 3c.
Ignored: Zero Hour (2013), stored: 1s, 9c. Got 1s, 9c.
Ignored: Zetman, stored: 1s, 4c. Got 1s, 4c.
Ignored: Zombieland, stored: 1s, 1c. Got 1s, 1c.

Ended at 2014-07-31 18:03:06